<?xml version="1.0" encoding="UTF-8"?>
<testsuite xmlns:xsi="http://www.w3.org/2001/XMLSchema-instance" xsi:noNamespaceSchemaLocation="https://maven.apache.org/surefire/maven-surefire-plugin/xsd/surefire-test-report.xsd" version="3.0.2" name="com.fibbo.spring_app.SpringAppApplicationTests" time="2.321" tests="1" errors="0" skipped="0" failures="0">
  <properties>
    <property name="java.specification.version" value="17"/>
    <property name="sun.jnu.encoding" value="UTF-8"/>
    <property name="java.class.path" value="/home/joao/Área de trabalho/Desafio-mapa-de-assentos/spring-app/target/test-classes:/home/joao/Área de trabalho/Desafio-mapa-de-assentos/spring-app/target/classes:/home/joao/.m2/repository/org/springframework/boot/spring-boot-starter-data-jpa/3.4.3/spring-boot-starter-data-jpa-3.4.3.jar:/home/joao/.m2/repository/org/springframework/boot/spring-boot-starter/3.4.3/spring-boot-starter-3.4.3.jar:/home/joao/.m2/repository/org/springframework/boot/spring-boot-starter-logging/3.4.3/spring-boot-starter-logging-3.4.3.jar:/home/joao/.m2/repository/ch/qos/logback/logback-classic/1.5.16/logback-classic-1.5.16.jar:/home/joao/.m2/repository/ch/qos/logback/logback-core/1.5.16/logback-core-1.5.16.jar:/home/joao/.m2/repository/org/apache/logging/log4j/log4j-to-slf4j/2.24.3/log4j-to-slf4j-2.24.3.jar:/home/joao/.m2/repository/org/apache/logging/log4j/log4j-api/2.24.3/log4j-api-2.24.3.jar:/home/joao/.m2/repository/org/slf4j/jul-to-slf4j/2.0.16/jul-to-slf4j-2.0.16.jar:/home/joao/.m2/repository/jakarta/annotation/jakarta.annotation-api/2.1.1/jakarta.annotation-api-2.1.1.jar:/home/joao/.m2/repository/org/yaml/snakeyaml/2.3/snakeyaml-2.3.jar:/home/joao/.m2/repository/org/springframework/boot/spring-boot-starter-jdbc/3.4.3/spring-boot-starter-jdbc-3.4.3.jar:/home/joao/.m2/repository/com/zaxxer/HikariCP/5.1.0/HikariCP-5.1.0.jar:/home/joao/.m2/repository/org/springframework/spring-jdbc/6.2.3/spring-jdbc-6.2.3.jar:/home/joao/.m2/repository/org/hibernate/orm/hibernate-core/6.6.8.Final/hibernate-core-6.6.8.Final.jar:/home/joao/.m2/repository/jakarta/persistence/jakarta.persistence-api/3.1.0/jakarta.persistence-api-3.1.0.jar:/home/joao/.m2/repository/jakarta/transaction/jakarta.transaction-api/2.0.1/jakarta.transaction-api-2.0.1.jar:/home/joao/.m2/repository/org/jboss/logging/jboss-logging/3.6.1.Final/jboss-logging-3.6.1.Final.jar:/home/joao/.m2/repository/org/hibernate/common/hibernate-commons-annotations/7.0.3.Final/hibernate-commons-annotations-7.0.3.Final.jar:/home/joao/.m2/repository/io/smallrye/jandex/3.2.0/jandex-3.2.0.jar:/home/joao/.m2/repository/com/fasterxml/classmate/1.7.0/classmate-1.7.0.jar:/home/joao/.m2/repository/net/bytebuddy/byte-buddy/1.15.11/byte-buddy-1.15.11.jar:/home/joao/.m2/repository/org/glassfish/jaxb/jaxb-runtime/4.0.5/jaxb-runtime-4.0.5.jar:/home/joao/.m2/repository/org/glassfish/jaxb/jaxb-core/4.0.5/jaxb-core-4.0.5.jar:/home/joao/.m2/repository/org/eclipse/angus/angus-activation/2.0.2/angus-activation-2.0.2.jar:/home/joao/.m2/repository/org/glassfish/jaxb/txw2/4.0.5/txw2-4.0.5.jar:/home/joao/.m2/repository/com/sun/istack/istack-commons-runtime/4.1.2/istack-commons-runtime-4.1.2.jar:/home/joao/.m2/repository/jakarta/inject/jakarta.inject-api/2.0.1/jakarta.inject-api-2.0.1.jar:/home/joao/.m2/repository/org/antlr/antlr4-runtime/4.13.0/antlr4-runtime-4.13.0.jar:/home/joao/.m2/repository/org/springframework/data/spring-data-jpa/3.4.3/spring-data-jpa-3.4.3.jar:/home/joao/.m2/repository/org/springframework/data/spring-data-commons/3.4.3/spring-data-commons-3.4.3.jar:/home/joao/.m2/repository/org/springframework/spring-orm/6.2.3/spring-orm-6.2.3.jar:/home/joao/.m2/repository/org/springframework/spring-context/6.2.3/spring-context-6.2.3.jar:/home/joao/.m2/repository/org/springframework/spring-tx/6.2.3/spring-tx-6.2.3.jar:/home/joao/.m2/repository/org/springframework/spring-beans/6.2.3/spring-beans-6.2.3.jar:/home/joao/.m2/repository/org/slf4j/slf4j-api/2.0.16/slf4j-api-2.0.16.jar:/home/joao/.m2/repository/org/springframework/spring-aspects/6.2.3/spring-aspects-6.2.3.jar:/home/joao/.m2/repository/org/aspectj/aspectjweaver/1.9.22.1/aspectjweaver-1.9.22.1.jar:/home/joao/.m2/repository/org/springframework/boot/spring-boot-starter-data-rest/3.4.3/spring-boot-starter-data-rest-3.4.3.jar:/home/joao/.m2/repository/org/springframework/data/spring-data-rest-webmvc/4.4.3/spring-data-rest-webmvc-4.4.3.jar:/home/joao/.m2/repository/org/springframework/data/spring-data-rest-core/4.4.3/spring-data-rest-core-4.4.3.jar:/home/joao/.m2/repository/org/springframework/hateoas/spring-hateoas/2.4.1/spring-hateoas-2.4.1.jar:/home/joao/.m2/repository/org/springframework/plugin/spring-plugin-core/3.0.0/spring-plugin-core-3.0.0.jar:/home/joao/.m2/repository/org/atteo/evo-inflector/1.3/evo-inflector-1.3.jar:/home/joao/.m2/repository/com/fasterxml/jackson/core/jackson-annotations/2.18.2/jackson-annotations-2.18.2.jar:/home/joao/.m2/repository/org/springframework/boot/spring-boot-starter-security/3.4.3/spring-boot-starter-security-3.4.3.jar:/home/joao/.m2/repository/org/springframework/spring-aop/6.2.3/spring-aop-6.2.3.jar:/home/joao/.m2/repository/org/springframework/security/spring-security-config/6.4.3/spring-security-config-6.4.3.jar:/home/joao/.m2/repository/org/springframework/security/spring-security-web/6.4.3/spring-security-web-6.4.3.jar:/home/joao/.m2/repository/org/springframework/spring-expression/6.2.3/spring-expression-6.2.3.jar:/home/joao/.m2/repository/io/jsonwebtoken/jjwt-api/0.11.5/jjwt-api-0.11.5.jar:/home/joao/.m2/repository/io/jsonwebtoken/jjwt-impl/0.11.5/jjwt-impl-0.11.5.jar:/home/joao/.m2/repository/io/jsonwebtoken/jjwt-jackson/0.11.5/jjwt-jackson-0.11.5.jar:/home/joao/.m2/repository/com/fasterxml/jackson/core/jackson-databind/2.18.2/jackson-databind-2.18.2.jar:/home/joao/.m2/repository/com/fasterxml/jackson/core/jackson-core/2.18.2/jackson-core-2.18.2.jar:/home/joao/.m2/repository/org/springframework/boot/spring-boot-starter-validation/3.4.3/spring-boot-starter-validation-3.4.3.jar:/home/joao/.m2/repository/org/apache/tomcat/embed/tomcat-embed-el/10.1.36/tomcat-embed-el-10.1.36.jar:/home/joao/.m2/repository/org/hibernate/validator/hibernate-validator/8.0.2.Final/hibernate-validator-8.0.2.Final.jar:/home/joao/.m2/repository/jakarta/validation/jakarta.validation-api/3.0.2/jakarta.validation-api-3.0.2.jar:/home/joao/.m2/repository/org/springframework/boot/spring-boot-starter-web/3.4.3/spring-boot-starter-web-3.4.3.jar:/home/joao/.m2/repository/org/springframework/boot/spring-boot-starter-json/3.4.3/spring-boot-starter-json-3.4.3.jar:/home/joao/.m2/repository/com/fasterxml/jackson/datatype/jackson-datatype-jdk8/2.18.2/jackson-datatype-jdk8-2.18.2.jar:/home/joao/.m2/repository/com/fasterxml/jackson/datatype/jackson-datatype-jsr310/2.18.2/jackson-datatype-jsr310-2.18.2.jar:/home/joao/.m2/repository/com/fasterxml/jackson/module/jackson-module-parameter-names/2.18.2/jackson-module-parameter-names-2.18.2.jar:/home/joao/.m2/repository/org/springframework/boot/spring-boot-starter-tomcat/3.4.3/spring-boot-starter-tomcat-3.4.3.jar:/home/joao/.m2/repository/org/apache/tomcat/embed/tomcat-embed-core/10.1.36/tomcat-embed-core-10.1.36.jar:/home/joao/.m2/repository/org/apache/tomcat/embed/tomcat-embed-websocket/10.1.36/tomcat-embed-websocket-10.1.36.jar:/home/joao/.m2/repository/org/springframework/spring-web/6.2.3/spring-web-6.2.3.jar:/home/joao/.m2/repository/io/micrometer/micrometer-observation/1.14.4/micrometer-observation-1.14.4.jar:/home/joao/.m2/repository/io/micrometer/micrometer-commons/1.14.4/micrometer-commons-1.14.4.jar:/home/joao/.m2/repository/org/springframework/spring-webmvc/6.2.3/spring-webmvc-6.2.3.jar:/home/joao/.m2/repository/org/springdoc/springdoc-openapi-starter-webmvc-ui/2.8.4/springdoc-openapi-starter-webmvc-ui-2.8.4.jar:/home/joao/.m2/repository/org/springdoc/springdoc-openapi-starter-webmvc-api/2.8.4/springdoc-openapi-starter-webmvc-api-2.8.4.jar:/home/joao/.m2/repository/org/springdoc/springdoc-openapi-starter-common/2.8.4/springdoc-openapi-starter-common-2.8.4.jar:/home/joao/.m2/repository/io/swagger/core/v3/swagger-core-jakarta/2.2.28/swagger-core-jakarta-2.2.28.jar:/home/joao/.m2/repository/org/apache/commons/commons-lang3/3.17.0/commons-lang3-3.17.0.jar:/home/joao/.m2/repository/io/swagger/core/v3/swagger-annotations-jakarta/2.2.28/swagger-annotations-jakarta-2.2.28.jar:/home/joao/.m2/repository/io/swagger/core/v3/swagger-models-jakarta/2.2.28/swagger-models-jakarta-2.2.28.jar:/home/joao/.m2/repository/com/fasterxml/jackson/dataformat/jackson-dataformat-yaml/2.18.2/jackson-dataformat-yaml-2.18.2.jar:/home/joao/.m2/repository/org/webjars/swagger-ui/5.18.2/swagger-ui-5.18.2.jar:/home/joao/.m2/repository/org/webjars/webjars-locator-lite/1.0.1/webjars-locator-lite-1.0.1.jar:/home/joao/.m2/repository/org/jspecify/jspecify/1.0.0/jspecify-1.0.0.jar:/home/joao/.m2/repository/org/springframework/boot/spring-boot-devtools/3.4.3/spring-boot-devtools-3.4.3.jar:/home/joao/.m2/repository/org/springframework/boot/spring-boot/3.4.3/spring-boot-3.4.3.jar:/home/joao/.m2/repository/org/springframework/boot/spring-boot-autoconfigure/3.4.3/spring-boot-autoconfigure-3.4.3.jar:/home/joao/.m2/repository/org/postgresql/postgresql/42.7.5/postgresql-42.7.5.jar:/home/joao/.m2/repository/org/checkerframework/checker-qual/3.48.3/checker-qual-3.48.3.jar:/home/joao/.m2/repository/org/projectlombok/lombok/1.18.36/lombok-1.18.36.jar:/home/joao/.m2/repository/org/springframework/boot/spring-boot-starter-test/3.4.3/spring-boot-starter-test-3.4.3.jar:/home/joao/.m2/repository/org/springframework/boot/spring-boot-test/3.4.3/spring-boot-test-3.4.3.jar:/home/joao/.m2/repository/org/springframework/boot/spring-boot-test-autoconfigure/3.4.3/spring-boot-test-autoconfigure-3.4.3.jar:/home/joao/.m2/repository/com/jayway/jsonpath/json-path/2.9.0/json-path-2.9.0.jar:/home/joao/.m2/repository/jakarta/xml/bind/jakarta.xml.bind-api/4.0.2/jakarta.xml.bind-api-4.0.2.jar:/home/joao/.m2/repository/jakarta/activation/jakarta.activation-api/2.1.3/jakarta.activation-api-2.1.3.jar:/home/joao/.m2/repository/net/minidev/json-smart/2.5.2/json-smart-2.5.2.jar:/home/joao/.m2/repository/net/minidev/accessors-smart/2.5.2/accessors-smart-2.5.2.jar:/home/joao/.m2/repository/org/ow2/asm/asm/9.7.1/asm-9.7.1.jar:/home/joao/.m2/repository/org/assertj/assertj-core/3.26.3/assertj-core-3.26.3.jar:/home/joao/.m2/repository/org/awaitility/awaitility/4.2.2/awaitility-4.2.2.jar:/home/joao/.m2/repository/org/hamcrest/hamcrest/2.2/hamcrest-2.2.jar:/home/joao/.m2/repository/org/junit/jupiter/junit-jupiter/5.11.4/junit-jupiter-5.11.4.jar:/home/joao/.m2/repository/org/junit/jupiter/junit-jupiter-api/5.11.4/junit-jupiter-api-5.11.4.jar:/home/joao/.m2/repository/org/opentest4j/opentest4j/1.3.0/opentest4j-1.3.0.jar:/home/joao/.m2/repository/org/junit/platform/junit-platform-commons/1.11.4/junit-platform-commons-1.11.4.jar:/home/joao/.m2/repository/org/apiguardian/apiguardian-api/1.1.2/apiguardian-api-1.1.2.jar:/home/joao/.m2/repository/org/junit/jupiter/junit-jupiter-params/5.11.4/junit-jupiter-params-5.11.4.jar:/home/joao/.m2/repository/org/junit/jupiter/junit-jupiter-engine/5.11.4/junit-jupiter-engine-5.11.4.jar:/home/joao/.m2/repository/org/junit/platform/junit-platform-engine/1.11.4/junit-platform-engine-1.11.4.jar:/home/joao/.m2/repository/org/mockito/mockito-core/5.14.2/mockito-core-5.14.2.jar:/home/joao/.m2/repository/net/bytebuddy/byte-buddy-agent/1.15.11/byte-buddy-agent-1.15.11.jar:/home/joao/.m2/repository/org/objenesis/objenesis/3.3/objenesis-3.3.jar:/home/joao/.m2/repository/org/mockito/mockito-junit-jupiter/5.14.2/mockito-junit-jupiter-5.14.2.jar:/home/joao/.m2/repository/org/skyscreamer/jsonassert/1.5.3/jsonassert-1.5.3.jar:/home/joao/.m2/repository/com/vaadin/external/google/android-json/0.0.20131108.vaadin1/android-json-0.0.20131108.vaadin1.jar:/home/joao/.m2/repository/org/springframework/spring-core/6.2.3/spring-core-6.2.3.jar:/home/joao/.m2/repository/org/springframework/spring-jcl/6.2.3/spring-jcl-6.2.3.jar:/home/joao/.m2/repository/org/springframework/spring-test/6.2.3/spring-test-6.2.3.jar:/home/joao/.m2/repository/org/xmlunit/xmlunit-core/2.10.0/xmlunit-core-2.10.0.jar:/home/joao/.m2/repository/org/springframework/boot/spring-boot-testcontainers/3.4.3/spring-boot-testcontainers-3.4.3.jar:/home/joao/.m2/repository/org/testcontainers/testcontainers/1.20.5/testcontainers-1.20.5.jar:/home/joao/.m2/repository/junit/junit/4.13.2/junit-4.13.2.jar:/home/joao/.m2/repository/org/hamcrest/hamcrest-core/2.2/hamcrest-core-2.2.jar:/home/joao/.m2/repository/org/apache/commons/commons-compress/1.24.0/commons-compress-1.24.0.jar:/home/joao/.m2/repository/org/rnorth/duct-tape/duct-tape/1.0.8/duct-tape-1.0.8.jar:/home/joao/.m2/repository/org/jetbrains/annotations/17.0.0/annotations-17.0.0.jar:/home/joao/.m2/repository/com/github/docker-java/docker-java-api/3.4.1/docker-java-api-3.4.1.jar:/home/joao/.m2/repository/com/github/docker-java/docker-java-transport-zerodep/3.4.1/docker-java-transport-zerodep-3.4.1.jar:/home/joao/.m2/repository/com/github/docker-java/docker-java-transport/3.4.1/docker-java-transport-3.4.1.jar:/home/joao/.m2/repository/net/java/dev/jna/jna/5.13.0/jna-5.13.0.jar:/home/joao/.m2/repository/org/springframework/security/spring-security-test/6.4.3/spring-security-test-6.4.3.jar:/home/joao/.m2/repository/org/springframework/security/spring-security-core/6.4.3/spring-security-core-6.4.3.jar:/home/joao/.m2/repository/org/springframework/security/spring-security-crypto/6.4.3/spring-security-crypto-6.4.3.jar:/home/joao/.m2/repository/org/testcontainers/junit-jupiter/1.20.5/junit-jupiter-1.20.5.jar:/home/joao/.m2/repository/org/testcontainers/postgresql/1.20.5/postgresql-1.20.5.jar:/home/joao/.m2/repository/org/testcontainers/jdbc/1.20.5/jdbc-1.20.5.jar:/home/joao/.m2/repository/org/testcontainers/database-commons/1.20.5/database-commons-1.20.5.jar:"/>
    <property name="java.vm.vendor" value="Ubuntu"/>
    <property name="sun.arch.data.model" value="64"/>
    <property name="java.vendor.url" value="https://ubuntu.com/"/>
    <property name="user.timezone" value="America/Recife"/>
    <property name="org.jboss.logging.provider" value="slf4j"/>
    <property name="os.name" value="Linux"/>
    <property name="java.vm.specification.version" value="17"/>
    <property name="APPLICATION_NAME" value="spring-app"/>
    <property name="sun.java.launcher" value="SUN_STANDARD"/>
    <property name="user.country" value="BR"/>
    <property name="sun.boot.library.path" value="/usr/lib/jvm/java-17-openjdk-amd64/lib"/>
    <property name="sun.java.command" value="/home/joao/Área de trabalho/Desafio-mapa-de-assentos/spring-app/target/surefire/surefirebooter-20250222173120896_3.jar /home/joao/Área de trabalho/Desafio-mapa-de-assentos/spring-app/target/surefire 2025-02-22T17-31-20_839-jvmRun1 surefire-20250222173120896_1tmp surefire_0-20250222173120896_2tmp"/>
    <property name="jdk.debug" value="release"/>
    <property name="surefire.test.class.path" value="/home/joao/Área de trabalho/Desafio-mapa-de-assentos/spring-app/target/test-classes:/home/joao/Área de trabalho/Desafio-mapa-de-assentos/spring-app/target/classes:/home/joao/.m2/repository/org/springframework/boot/spring-boot-starter-data-jpa/3.4.3/spring-boot-starter-data-jpa-3.4.3.jar:/home/joao/.m2/repository/org/springframework/boot/spring-boot-starter/3.4.3/spring-boot-starter-3.4.3.jar:/home/joao/.m2/repository/org/springframework/boot/spring-boot-starter-logging/3.4.3/spring-boot-starter-logging-3.4.3.jar:/home/joao/.m2/repository/ch/qos/logback/logback-classic/1.5.16/logback-classic-1.5.16.jar:/home/joao/.m2/repository/ch/qos/logback/logback-core/1.5.16/logback-core-1.5.16.jar:/home/joao/.m2/repository/org/apache/logging/log4j/log4j-to-slf4j/2.24.3/log4j-to-slf4j-2.24.3.jar:/home/joao/.m2/repository/org/apache/logging/log4j/log4j-api/2.24.3/log4j-api-2.24.3.jar:/home/joao/.m2/repository/org/slf4j/jul-to-slf4j/2.0.16/jul-to-slf4j-2.0.16.jar:/home/joao/.m2/repository/jakarta/annotation/jakarta.annotation-api/2.1.1/jakarta.annotation-api-2.1.1.jar:/home/joao/.m2/repository/org/yaml/snakeyaml/2.3/snakeyaml-2.3.jar:/home/joao/.m2/repository/org/springframework/boot/spring-boot-starter-jdbc/3.4.3/spring-boot-starter-jdbc-3.4.3.jar:/home/joao/.m2/repository/com/zaxxer/HikariCP/5.1.0/HikariCP-5.1.0.jar:/home/joao/.m2/repository/org/springframework/spring-jdbc/6.2.3/spring-jdbc-6.2.3.jar:/home/joao/.m2/repository/org/hibernate/orm/hibernate-core/6.6.8.Final/hibernate-core-6.6.8.Final.jar:/home/joao/.m2/repository/jakarta/persistence/jakarta.persistence-api/3.1.0/jakarta.persistence-api-3.1.0.jar:/home/joao/.m2/repository/jakarta/transaction/jakarta.transaction-api/2.0.1/jakarta.transaction-api-2.0.1.jar:/home/joao/.m2/repository/org/jboss/logging/jboss-logging/3.6.1.Final/jboss-logging-3.6.1.Final.jar:/home/joao/.m2/repository/org/hibernate/common/hibernate-commons-annotations/7.0.3.Final/hibernate-commons-annotations-7.0.3.Final.jar:/home/joao/.m2/repository/io/smallrye/jandex/3.2.0/jandex-3.2.0.jar:/home/joao/.m2/repository/com/fasterxml/classmate/1.7.0/classmate-1.7.0.jar:/home/joao/.m2/repository/net/bytebuddy/byte-buddy/1.15.11/byte-buddy-1.15.11.jar:/home/joao/.m2/repository/org/glassfish/jaxb/jaxb-runtime/4.0.5/jaxb-runtime-4.0.5.jar:/home/joao/.m2/repository/org/glassfish/jaxb/jaxb-core/4.0.5/jaxb-core-4.0.5.jar:/home/joao/.m2/repository/org/eclipse/angus/angus-activation/2.0.2/angus-activation-2.0.2.jar:/home/joao/.m2/repository/org/glassfish/jaxb/txw2/4.0.5/txw2-4.0.5.jar:/home/joao/.m2/repository/com/sun/istack/istack-commons-runtime/4.1.2/istack-commons-runtime-4.1.2.jar:/home/joao/.m2/repository/jakarta/inject/jakarta.inject-api/2.0.1/jakarta.inject-api-2.0.1.jar:/home/joao/.m2/repository/org/antlr/antlr4-runtime/4.13.0/antlr4-runtime-4.13.0.jar:/home/joao/.m2/repository/org/springframework/data/spring-data-jpa/3.4.3/spring-data-jpa-3.4.3.jar:/home/joao/.m2/repository/org/springframework/data/spring-data-commons/3.4.3/spring-data-commons-3.4.3.jar:/home/joao/.m2/repository/org/springframework/spring-orm/6.2.3/spring-orm-6.2.3.jar:/home/joao/.m2/repository/org/springframework/spring-context/6.2.3/spring-context-6.2.3.jar:/home/joao/.m2/repository/org/springframework/spring-tx/6.2.3/spring-tx-6.2.3.jar:/home/joao/.m2/repository/org/springframework/spring-beans/6.2.3/spring-beans-6.2.3.jar:/home/joao/.m2/repository/org/slf4j/slf4j-api/2.0.16/slf4j-api-2.0.16.jar:/home/joao/.m2/repository/org/springframework/spring-aspects/6.2.3/spring-aspects-6.2.3.jar:/home/joao/.m2/repository/org/aspectj/aspectjweaver/1.9.22.1/aspectjweaver-1.9.22.1.jar:/home/joao/.m2/repository/org/springframework/boot/spring-boot-starter-data-rest/3.4.3/spring-boot-starter-data-rest-3.4.3.jar:/home/joao/.m2/repository/org/springframework/data/spring-data-rest-webmvc/4.4.3/spring-data-rest-webmvc-4.4.3.jar:/home/joao/.m2/repository/org/springframework/data/spring-data-rest-core/4.4.3/spring-data-rest-core-4.4.3.jar:/home/joao/.m2/repository/org/springframework/hateoas/spring-hateoas/2.4.1/spring-hateoas-2.4.1.jar:/home/joao/.m2/repository/org/springframework/plugin/spring-plugin-core/3.0.0/spring-plugin-core-3.0.0.jar:/home/joao/.m2/repository/org/atteo/evo-inflector/1.3/evo-inflector-1.3.jar:/home/joao/.m2/repository/com/fasterxml/jackson/core/jackson-annotations/2.18.2/jackson-annotations-2.18.2.jar:/home/joao/.m2/repository/org/springframework/boot/spring-boot-starter-security/3.4.3/spring-boot-starter-security-3.4.3.jar:/home/joao/.m2/repository/org/springframework/spring-aop/6.2.3/spring-aop-6.2.3.jar:/home/joao/.m2/repository/org/springframework/security/spring-security-config/6.4.3/spring-security-config-6.4.3.jar:/home/joao/.m2/repository/org/springframework/security/spring-security-web/6.4.3/spring-security-web-6.4.3.jar:/home/joao/.m2/repository/org/springframework/spring-expression/6.2.3/spring-expression-6.2.3.jar:/home/joao/.m2/repository/io/jsonwebtoken/jjwt-api/0.11.5/jjwt-api-0.11.5.jar:/home/joao/.m2/repository/io/jsonwebtoken/jjwt-impl/0.11.5/jjwt-impl-0.11.5.jar:/home/joao/.m2/repository/io/jsonwebtoken/jjwt-jackson/0.11.5/jjwt-jackson-0.11.5.jar:/home/joao/.m2/repository/com/fasterxml/jackson/core/jackson-databind/2.18.2/jackson-databind-2.18.2.jar:/home/joao/.m2/repository/com/fasterxml/jackson/core/jackson-core/2.18.2/jackson-core-2.18.2.jar:/home/joao/.m2/repository/org/springframework/boot/spring-boot-starter-validation/3.4.3/spring-boot-starter-validation-3.4.3.jar:/home/joao/.m2/repository/org/apache/tomcat/embed/tomcat-embed-el/10.1.36/tomcat-embed-el-10.1.36.jar:/home/joao/.m2/repository/org/hibernate/validator/hibernate-validator/8.0.2.Final/hibernate-validator-8.0.2.Final.jar:/home/joao/.m2/repository/jakarta/validation/jakarta.validation-api/3.0.2/jakarta.validation-api-3.0.2.jar:/home/joao/.m2/repository/org/springframework/boot/spring-boot-starter-web/3.4.3/spring-boot-starter-web-3.4.3.jar:/home/joao/.m2/repository/org/springframework/boot/spring-boot-starter-json/3.4.3/spring-boot-starter-json-3.4.3.jar:/home/joao/.m2/repository/com/fasterxml/jackson/datatype/jackson-datatype-jdk8/2.18.2/jackson-datatype-jdk8-2.18.2.jar:/home/joao/.m2/repository/com/fasterxml/jackson/datatype/jackson-datatype-jsr310/2.18.2/jackson-datatype-jsr310-2.18.2.jar:/home/joao/.m2/repository/com/fasterxml/jackson/module/jackson-module-parameter-names/2.18.2/jackson-module-parameter-names-2.18.2.jar:/home/joao/.m2/repository/org/springframework/boot/spring-boot-starter-tomcat/3.4.3/spring-boot-starter-tomcat-3.4.3.jar:/home/joao/.m2/repository/org/apache/tomcat/embed/tomcat-embed-core/10.1.36/tomcat-embed-core-10.1.36.jar:/home/joao/.m2/repository/org/apache/tomcat/embed/tomcat-embed-websocket/10.1.36/tomcat-embed-websocket-10.1.36.jar:/home/joao/.m2/repository/org/springframework/spring-web/6.2.3/spring-web-6.2.3.jar:/home/joao/.m2/repository/io/micrometer/micrometer-observation/1.14.4/micrometer-observation-1.14.4.jar:/home/joao/.m2/repository/io/micrometer/micrometer-commons/1.14.4/micrometer-commons-1.14.4.jar:/home/joao/.m2/repository/org/springframework/spring-webmvc/6.2.3/spring-webmvc-6.2.3.jar:/home/joao/.m2/repository/org/springdoc/springdoc-openapi-starter-webmvc-ui/2.8.4/springdoc-openapi-starter-webmvc-ui-2.8.4.jar:/home/joao/.m2/repository/org/springdoc/springdoc-openapi-starter-webmvc-api/2.8.4/springdoc-openapi-starter-webmvc-api-2.8.4.jar:/home/joao/.m2/repository/org/springdoc/springdoc-openapi-starter-common/2.8.4/springdoc-openapi-starter-common-2.8.4.jar:/home/joao/.m2/repository/io/swagger/core/v3/swagger-core-jakarta/2.2.28/swagger-core-jakarta-2.2.28.jar:/home/joao/.m2/repository/org/apache/commons/commons-lang3/3.17.0/commons-lang3-3.17.0.jar:/home/joao/.m2/repository/io/swagger/core/v3/swagger-annotations-jakarta/2.2.28/swagger-annotations-jakarta-2.2.28.jar:/home/joao/.m2/repository/io/swagger/core/v3/swagger-models-jakarta/2.2.28/swagger-models-jakarta-2.2.28.jar:/home/joao/.m2/repository/com/fasterxml/jackson/dataformat/jackson-dataformat-yaml/2.18.2/jackson-dataformat-yaml-2.18.2.jar:/home/joao/.m2/repository/org/webjars/swagger-ui/5.18.2/swagger-ui-5.18.2.jar:/home/joao/.m2/repository/org/webjars/webjars-locator-lite/1.0.1/webjars-locator-lite-1.0.1.jar:/home/joao/.m2/repository/org/jspecify/jspecify/1.0.0/jspecify-1.0.0.jar:/home/joao/.m2/repository/org/springframework/boot/spring-boot-devtools/3.4.3/spring-boot-devtools-3.4.3.jar:/home/joao/.m2/repository/org/springframework/boot/spring-boot/3.4.3/spring-boot-3.4.3.jar:/home/joao/.m2/repository/org/springframework/boot/spring-boot-autoconfigure/3.4.3/spring-boot-autoconfigure-3.4.3.jar:/home/joao/.m2/repository/org/postgresql/postgresql/42.7.5/postgresql-42.7.5.jar:/home/joao/.m2/repository/org/checkerframework/checker-qual/3.48.3/checker-qual-3.48.3.jar:/home/joao/.m2/repository/org/projectlombok/lombok/1.18.36/lombok-1.18.36.jar:/home/joao/.m2/repository/org/springframework/boot/spring-boot-starter-test/3.4.3/spring-boot-starter-test-3.4.3.jar:/home/joao/.m2/repository/org/springframework/boot/spring-boot-test/3.4.3/spring-boot-test-3.4.3.jar:/home/joao/.m2/repository/org/springframework/boot/spring-boot-test-autoconfigure/3.4.3/spring-boot-test-autoconfigure-3.4.3.jar:/home/joao/.m2/repository/com/jayway/jsonpath/json-path/2.9.0/json-path-2.9.0.jar:/home/joao/.m2/repository/jakarta/xml/bind/jakarta.xml.bind-api/4.0.2/jakarta.xml.bind-api-4.0.2.jar:/home/joao/.m2/repository/jakarta/activation/jakarta.activation-api/2.1.3/jakarta.activation-api-2.1.3.jar:/home/joao/.m2/repository/net/minidev/json-smart/2.5.2/json-smart-2.5.2.jar:/home/joao/.m2/repository/net/minidev/accessors-smart/2.5.2/accessors-smart-2.5.2.jar:/home/joao/.m2/repository/org/ow2/asm/asm/9.7.1/asm-9.7.1.jar:/home/joao/.m2/repository/org/assertj/assertj-core/3.26.3/assertj-core-3.26.3.jar:/home/joao/.m2/repository/org/awaitility/awaitility/4.2.2/awaitility-4.2.2.jar:/home/joao/.m2/repository/org/hamcrest/hamcrest/2.2/hamcrest-2.2.jar:/home/joao/.m2/repository/org/junit/jupiter/junit-jupiter/5.11.4/junit-jupiter-5.11.4.jar:/home/joao/.m2/repository/org/junit/jupiter/junit-jupiter-api/5.11.4/junit-jupiter-api-5.11.4.jar:/home/joao/.m2/repository/org/opentest4j/opentest4j/1.3.0/opentest4j-1.3.0.jar:/home/joao/.m2/repository/org/junit/platform/junit-platform-commons/1.11.4/junit-platform-commons-1.11.4.jar:/home/joao/.m2/repository/org/apiguardian/apiguardian-api/1.1.2/apiguardian-api-1.1.2.jar:/home/joao/.m2/repository/org/junit/jupiter/junit-jupiter-params/5.11.4/junit-jupiter-params-5.11.4.jar:/home/joao/.m2/repository/org/junit/jupiter/junit-jupiter-engine/5.11.4/junit-jupiter-engine-5.11.4.jar:/home/joao/.m2/repository/org/junit/platform/junit-platform-engine/1.11.4/junit-platform-engine-1.11.4.jar:/home/joao/.m2/repository/org/mockito/mockito-core/5.14.2/mockito-core-5.14.2.jar:/home/joao/.m2/repository/net/bytebuddy/byte-buddy-agent/1.15.11/byte-buddy-agent-1.15.11.jar:/home/joao/.m2/repository/org/objenesis/objenesis/3.3/objenesis-3.3.jar:/home/joao/.m2/repository/org/mockito/mockito-junit-jupiter/5.14.2/mockito-junit-jupiter-5.14.2.jar:/home/joao/.m2/repository/org/skyscreamer/jsonassert/1.5.3/jsonassert-1.5.3.jar:/home/joao/.m2/repository/com/vaadin/external/google/android-json/0.0.20131108.vaadin1/android-json-0.0.20131108.vaadin1.jar:/home/joao/.m2/repository/org/springframework/spring-core/6.2.3/spring-core-6.2.3.jar:/home/joao/.m2/repository/org/springframework/spring-jcl/6.2.3/spring-jcl-6.2.3.jar:/home/joao/.m2/repository/org/springframework/spring-test/6.2.3/spring-test-6.2.3.jar:/home/joao/.m2/repository/org/xmlunit/xmlunit-core/2.10.0/xmlunit-core-2.10.0.jar:/home/joao/.m2/repository/org/springframework/boot/spring-boot-testcontainers/3.4.3/spring-boot-testcontainers-3.4.3.jar:/home/joao/.m2/repository/org/testcontainers/testcontainers/1.20.5/testcontainers-1.20.5.jar:/home/joao/.m2/repository/junit/junit/4.13.2/junit-4.13.2.jar:/home/joao/.m2/repository/org/hamcrest/hamcrest-core/2.2/hamcrest-core-2.2.jar:/home/joao/.m2/repository/org/apache/commons/commons-compress/1.24.0/commons-compress-1.24.0.jar:/home/joao/.m2/repository/org/rnorth/duct-tape/duct-tape/1.0.8/duct-tape-1.0.8.jar:/home/joao/.m2/repository/org/jetbrains/annotations/17.0.0/annotations-17.0.0.jar:/home/joao/.m2/repository/com/github/docker-java/docker-java-api/3.4.1/docker-java-api-3.4.1.jar:/home/joao/.m2/repository/com/github/docker-java/docker-java-transport-zerodep/3.4.1/docker-java-transport-zerodep-3.4.1.jar:/home/joao/.m2/repository/com/github/docker-java/docker-java-transport/3.4.1/docker-java-transport-3.4.1.jar:/home/joao/.m2/repository/net/java/dev/jna/jna/5.13.0/jna-5.13.0.jar:/home/joao/.m2/repository/org/springframework/security/spring-security-test/6.4.3/spring-security-test-6.4.3.jar:/home/joao/.m2/repository/org/springframework/security/spring-security-core/6.4.3/spring-security-core-6.4.3.jar:/home/joao/.m2/repository/org/springframework/security/spring-security-crypto/6.4.3/spring-security-crypto-6.4.3.jar:/home/joao/.m2/repository/org/testcontainers/junit-jupiter/1.20.5/junit-jupiter-1.20.5.jar:/home/joao/.m2/repository/org/testcontainers/postgresql/1.20.5/postgresql-1.20.5.jar:/home/joao/.m2/repository/org/testcontainers/jdbc/1.20.5/jdbc-1.20.5.jar:/home/joao/.m2/repository/org/testcontainers/database-commons/1.20.5/database-commons-1.20.5.jar:"/>
    <property name="sun.cpu.endian" value="little"/>
    <property name="user.home" value="/home/joao"/>
    <property name="user.language" value="pt"/>
    <property name="java.specification.vendor" value="Oracle Corporation"/>
    <property name="java.version.date" value="2025-01-21"/>
    <property name="java.home" value="/usr/lib/jvm/java-17-openjdk-amd64"/>
    <property name="file.separator" value="/"/>
    <property name="basedir" value="/home/joao/Área de trabalho/Desafio-mapa-de-assentos/spring-app"/>
    <property name="java.vm.compressedOopsMode" value="Zero based"/>
    <property name="line.separator" value="&#10;"/>
    <property name="java.specification.name" value="Java Platform API Specification"/>
    <property name="java.vm.specification.vendor" value="Oracle Corporation"/>
    <property name="FILE_LOG_CHARSET" value="UTF-8"/>
    <property name="java.awt.headless" value="true"/>
    <property name="surefire.real.class.path" value="/home/joao/Área de trabalho/Desafio-mapa-de-assentos/spring-app/target/surefire/surefirebooter-20250222173120896_3.jar"/>
    <property name="sun.management.compiler" value="HotSpot 64-Bit Tiered Compilers"/>
    <property name="java.runtime.version" value="17.0.14+7-Ubuntu-124.04"/>
    <property name="user.name" value="joao"/>
    <property name="path.separator" value=":"/>
    <property name="os.version" value="6.8.0-53-generic"/>
    <property name="java.runtime.name" value="OpenJDK Runtime Environment"/>
    <property name="file.encoding" value="UTF-8"/>
    <property name="java.vm.name" value="OpenJDK 64-Bit Server VM"/>
    <property name="localRepository" value="/home/joao/.m2/repository"/>
    <property name="java.vendor.url.bug" value="https://bugs.launchpad.net/ubuntu/+source/openjdk-17"/>
    <property name="java.io.tmpdir" value="/tmp"/>
    <property name="com.zaxxer.hikari.pool_number" value="2"/>
    <property name="java.version" value="17.0.14"/>
    <property name="user.dir" value="/home/joao/Área de trabalho/Desafio-mapa-de-assentos/spring-app"/>
    <property name="os.arch" value="amd64"/>
    <property name="java.vm.specification.name" value="Java Virtual Machine Specification"/>
    <property name="PID" value="194072"/>
    <property name="CONSOLE_LOG_CHARSET" value="UTF-8"/>
    <property name="native.encoding" value="UTF-8"/>
    <property name="java.library.path" value="/usr/java/packages/lib:/usr/lib/x86_64-linux-gnu/jni:/lib/x86_64-linux-gnu:/usr/lib/x86_64-linux-gnu:/usr/lib/jni:/lib:/usr/lib"/>
    <property name="java.vm.info" value="mixed mode, sharing"/>
    <property name="java.vendor" value="Ubuntu"/>
    <property name="java.vm.version" value="17.0.14+7-Ubuntu-124.04"/>
    <property name="java.specification.maintenance.version" value="1"/>
    <property name="sun.io.unicode.encoding" value="UnicodeLittle"/>
    <property name="java.class.version" value="61.0"/>
    <property name="LOGGED_APPLICATION_NAME" value="[spring-app] "/>
  </properties>
  <testcase name="contextLoads" classname="com.fibbo.spring_app.SpringAppApplicationTests" time="0.004">
    <system-out><![CDATA[2025-02-22T17:32:07.410-03:00  INFO 194072 --- [spring-app] [           main] t.c.s.AnnotationConfigContextLoaderUtils : Could not detect default configuration classes for test class [com.fibbo.spring_app.SpringAppApplicationTests]: SpringAppApplicationTests does not declare any static, non-private, non-final, nested classes annotated with @Configuration.
2025-02-22T17:32:07.414-03:00  INFO 194072 --- [spring-app] [           main] .b.t.c.SpringBootTestContextBootstrapper : Found @SpringBootConfiguration com.fibbo.spring_app.SpringAppApplication for test class com.fibbo.spring_app.SpringAppApplicationTests
2025-02-22T17:32:07.416-03:00  INFO 194072 --- [spring-app] [           main] o.s.b.d.r.RestartApplicationListener     : Restart disabled due to context in which it is running

  .   ____          _            __ _ _
 /\\ / ___'_ __ _ _(_)_ __  __ _ \ \ \ \
( ( )\___ | '_ | '_| | '_ \/ _` | \ \ \ \
 \\/  ___)| |_)| | | | | || (_| |  ) ) ) )
  '  |____| .__|_| |_|_| |_\__, | / / / /
 =========|_|==============|___/=/_/_/_/

 :: Spring Boot ::                (v3.4.3)

2025-02-22T17:32:07.430-03:00  INFO 194072 --- [spring-app] [           main] c.f.s.SpringAppApplicationTests          : Starting SpringAppApplicationTests using Java 17.0.14 with PID 194072 (started by joao in /home/joao/Área de trabalho/Desafio-mapa-de-assentos/spring-app)
2025-02-22T17:32:07.430-03:00  INFO 194072 --- [spring-app] [           main] c.f.s.SpringAppApplicationTests          : No active profile set, falling back to 1 default profile: "default"
2025-02-22T17:32:07.546-03:00  INFO 194072 --- [spring-app] [           main] .s.d.r.c.RepositoryConfigurationDelegate : Bootstrapping Spring Data JPA repositories in DEFAULT mode.
2025-02-22T17:32:07.554-03:00  INFO 194072 --- [spring-app] [           main] .s.d.r.c.RepositoryConfigurationDelegate : Finished Spring Data repository scanning in 6 ms. Found 3 JPA repository interfaces.
2025-02-22T17:32:07.616-03:00  INFO 194072 --- [spring-app] [           main] tc.postgres:latest                       : Creating container for image: postgres:latest
2025-02-22T17:32:07.673-03:00  INFO 194072 --- [spring-app] [           main] tc.postgres:latest                       : Container postgres:latest is starting: 956e5f7c8202c2245f36abb3e8847210d56ec7a298bcfae251701465192b1022
2025-02-22T17:32:09.259-03:00  INFO 194072 --- [spring-app] [           main] tc.postgres:latest                       : Container postgres:latest started in PT1.643070933S
2025-02-22T17:32:09.259-03:00  INFO 194072 --- [spring-app] [           main] tc.postgres:latest                       : Container is started (JDBC URL: jdbc:postgresql://localhost:32821/test?loggerLevel=OFF)
2025-02-22T17:32:09.296-03:00  INFO 194072 --- [spring-app] [           main] o.hibernate.jpa.internal.util.LogHelper  : HHH000204: Processing PersistenceUnitInfo [name: default]
2025-02-22T17:32:09.297-03:00  INFO 194072 --- [spring-app] [           main] o.h.c.internal.RegionFactoryInitiator    : HHH000026: Second-level cache disabled
2025-02-22T17:32:09.303-03:00  INFO 194072 --- [spring-app] [           main] o.s.o.j.p.SpringPersistenceUnitInfo      : No LoadTimeWeaver setup: ignoring JPA class transformer
2025-02-22T17:32:09.304-03:00  INFO 194072 --- [spring-app] [           main] com.zaxxer.hikari.HikariDataSource       : HikariPool-2 - Starting...
2025-02-22T17:32:09.313-03:00  INFO 194072 --- [spring-app] [           main] com.zaxxer.hikari.pool.HikariPool        : HikariPool-2 - Added connection org.postgresql.jdbc.PgConnection@6afafa48
2025-02-22T17:32:09.313-03:00  INFO 194072 --- [spring-app] [           main] com.zaxxer.hikari.HikariDataSource       : HikariPool-2 - Start completed.
2025-02-22T17:32:09.316-03:00  WARN 194072 --- [spring-app] [           main] org.hibernate.orm.deprecation            : HHH90000025: PostgreSQLDialect does not need to be specified explicitly using 'hibernate.dialect' (remove the property setting and it will be selected by default)
2025-02-22T17:32:09.317-03:00  INFO 194072 --- [spring-app] [           main] org.hibernate.orm.connections.pooling    : HHH10001005: Database info:
	Database JDBC URL [Connecting through datasource 'HikariDataSource (HikariPool-2)']
	Database driver: undefined/unknown
	Database version: 17.4
	Autocommit mode: undefined/unknown
	Isolation level: undefined/unknown
	Minimum pool size: undefined/unknown
	Maximum pool size: undefined/unknown
2025-02-22T17:32:09.370-03:00  INFO 194072 --- [spring-app] [           main] o.h.e.t.j.p.i.JtaPlatformInitiator       : HHH000489: No JTA platform available (set 'hibernate.transaction.jta.platform' to enable JTA platform integration)
Hibernate: create table tb_booking (id bigint generated by default as identity, acao varchar(255) check (acao in ('ALOCACAO','REMOCAO')), data_hora timestamp(6), seat_id uuid, user_id bigint, primary key (id))
Hibernate: create table tb_seat (id uuid not null, ocupada boolean, primary key (id))
Hibernate: create table tb_users (id bigint generated by default as identity, password varchar(255), role varchar(255), username varchar(255), primary key (id))
Hibernate: alter table if exists tb_booking add constraint FKlc8dhwlesl8t1sxkvdcyl76q2 foreign key (seat_id) references tb_seat
Hibernate: alter table if exists tb_booking add constraint FK4t2eomsmy1esvawk4qljhugxm foreign key (user_id) references tb_users
2025-02-22T17:32:09.390-03:00  INFO 194072 --- [spring-app] [           main] j.LocalContainerEntityManagerFactoryBean : Initialized JPA EntityManagerFactory for persistence unit 'default'
Hibernate: select u1_0.id,u1_0.password,u1_0.role,u1_0.username from tb_users u1_0 where u1_0.username=?
Hibernate: select u1_0.id,u1_0.password,u1_0.role,u1_0.username from tb_users u1_0 where u1_0.username=?
Hibernate: insert into tb_users (password,role,username) values (?,?,?)
Hibernate: insert into tb_users (password,role,username) values (?,?,?)
Hibernate: select s1_0.id,s1_0.ocupada from tb_seat s1_0
Hibernate: insert into tb_seat (ocupada,id) values (?,?)
Hibernate: insert into tb_seat (ocupada,id) values (?,?)
Hibernate: insert into tb_seat (ocupada,id) values (?,?)
Hibernate: insert into tb_seat (ocupada,id) values (?,?)
Hibernate: insert into tb_seat (ocupada,id) values (?,?)
Hibernate: insert into tb_seat (ocupada,id) values (?,?)
Hibernate: insert into tb_seat (ocupada,id) values (?,?)
Hibernate: insert into tb_seat (ocupada,id) values (?,?)
Hibernate: insert into tb_seat (ocupada,id) values (?,?)
Hibernate: insert into tb_seat (ocupada,id) values (?,?)
Hibernate: insert into tb_seat (ocupada,id) values (?,?)
Hibernate: insert into tb_seat (ocupada,id) values (?,?)
Hibernate: insert into tb_seat (ocupada,id) values (?,?)
Hibernate: insert into tb_seat (ocupada,id) values (?,?)
Hibernate: insert into tb_seat (ocupada,id) values (?,?)
2025-02-22T17:32:09.573-03:00  WARN 194072 --- [spring-app] [           main] JpaBaseConfiguration$JpaWebConfiguration : spring.jpa.open-in-view is enabled by default. Therefore, database queries may be performed during view rendering. Explicitly configure spring.jpa.open-in-view to disable this warning
2025-02-22T17:32:09.591-03:00  WARN 194072 --- [spring-app] [           main] .s.s.UserDetailsServiceAutoConfiguration : 

Using generated security password: e82f190a-7691-4cdb-9700-673541b379c6

This generated password is for development use only. Your security configuration must be updated before running your application in production.

2025-02-22T17:32:09.592-03:00  INFO 194072 --- [spring-app] [           main] r$InitializeUserDetailsManagerConfigurer : Global AuthenticationManager configured with UserDetailsService bean with name inMemoryUserDetailsManager
2025-02-22T17:32:09.724-03:00  INFO 194072 --- [spring-app] [           main] c.f.s.SpringAppApplicationTests          : Started SpringAppApplicationTests in 2.308 seconds (process running for 48.79)
]]></system-out>
  </testcase>
</testsuite>