<?xml version="1.0" encoding="UTF-8"?>
<testsuite xmlns:xsi="http://www.w3.org/2001/XMLSchema-instance" xsi:noNamespaceSchemaLocation="https://maven.apache.org/surefire/maven-surefire-plugin/xsd/surefire-test-report.xsd" version="3.0.2" name="com.fibbo.spring_app.controller.BookingControllerTest" time="11.968" tests="3" errors="0" skipped="0" failures="0">
  <properties>
    <property name="java.specification.version" value="17"/>
    <property name="sun.jnu.encoding" value="UTF-8"/>
    <property name="java.class.path" value="/home/joao/Área de trabalho/Desafio-mapa-de-assentos/spring-app/target/test-classes:/home/joao/Área de trabalho/Desafio-mapa-de-assentos/spring-app/target/classes:/home/joao/.m2/repository/org/springframework/boot/spring-boot-starter-data-jpa/3.4.3/spring-boot-starter-data-jpa-3.4.3.jar:/home/joao/.m2/repository/org/springframework/boot/spring-boot-starter/3.4.3/spring-boot-starter-3.4.3.jar:/home/joao/.m2/repository/org/springframework/boot/spring-boot-starter-logging/3.4.3/spring-boot-starter-logging-3.4.3.jar:/home/joao/.m2/repository/ch/qos/logback/logback-classic/1.5.16/logback-classic-1.5.16.jar:/home/joao/.m2/repository/ch/qos/logback/logback-core/1.5.16/logback-core-1.5.16.jar:/home/joao/.m2/repository/org/apache/logging/log4j/log4j-to-slf4j/2.24.3/log4j-to-slf4j-2.24.3.jar:/home/joao/.m2/repository/org/apache/logging/log4j/log4j-api/2.24.3/log4j-api-2.24.3.jar:/home/joao/.m2/repository/org/slf4j/jul-to-slf4j/2.0.16/jul-to-slf4j-2.0.16.jar:/home/joao/.m2/repository/jakarta/annotation/jakarta.annotation-api/2.1.1/jakarta.annotation-api-2.1.1.jar:/home/joao/.m2/repository/org/yaml/snakeyaml/2.3/snakeyaml-2.3.jar:/home/joao/.m2/repository/org/springframework/boot/spring-boot-starter-jdbc/3.4.3/spring-boot-starter-jdbc-3.4.3.jar:/home/joao/.m2/repository/com/zaxxer/HikariCP/5.1.0/HikariCP-5.1.0.jar:/home/joao/.m2/repository/org/springframework/spring-jdbc/6.2.3/spring-jdbc-6.2.3.jar:/home/joao/.m2/repository/org/hibernate/orm/hibernate-core/6.6.8.Final/hibernate-core-6.6.8.Final.jar:/home/joao/.m2/repository/jakarta/persistence/jakarta.persistence-api/3.1.0/jakarta.persistence-api-3.1.0.jar:/home/joao/.m2/repository/jakarta/transaction/jakarta.transaction-api/2.0.1/jakarta.transaction-api-2.0.1.jar:/home/joao/.m2/repository/org/jboss/logging/jboss-logging/3.6.1.Final/jboss-logging-3.6.1.Final.jar:/home/joao/.m2/repository/org/hibernate/common/hibernate-commons-annotations/7.0.3.Final/hibernate-commons-annotations-7.0.3.Final.jar:/home/joao/.m2/repository/io/smallrye/jandex/3.2.0/jandex-3.2.0.jar:/home/joao/.m2/repository/com/fasterxml/classmate/1.7.0/classmate-1.7.0.jar:/home/joao/.m2/repository/net/bytebuddy/byte-buddy/1.15.11/byte-buddy-1.15.11.jar:/home/joao/.m2/repository/org/glassfish/jaxb/jaxb-runtime/4.0.5/jaxb-runtime-4.0.5.jar:/home/joao/.m2/repository/org/glassfish/jaxb/jaxb-core/4.0.5/jaxb-core-4.0.5.jar:/home/joao/.m2/repository/org/eclipse/angus/angus-activation/2.0.2/angus-activation-2.0.2.jar:/home/joao/.m2/repository/org/glassfish/jaxb/txw2/4.0.5/txw2-4.0.5.jar:/home/joao/.m2/repository/com/sun/istack/istack-commons-runtime/4.1.2/istack-commons-runtime-4.1.2.jar:/home/joao/.m2/repository/jakarta/inject/jakarta.inject-api/2.0.1/jakarta.inject-api-2.0.1.jar:/home/joao/.m2/repository/org/antlr/antlr4-runtime/4.13.0/antlr4-runtime-4.13.0.jar:/home/joao/.m2/repository/org/springframework/data/spring-data-jpa/3.4.3/spring-data-jpa-3.4.3.jar:/home/joao/.m2/repository/org/springframework/data/spring-data-commons/3.4.3/spring-data-commons-3.4.3.jar:/home/joao/.m2/repository/org/springframework/spring-orm/6.2.3/spring-orm-6.2.3.jar:/home/joao/.m2/repository/org/springframework/spring-context/6.2.3/spring-context-6.2.3.jar:/home/joao/.m2/repository/org/springframework/spring-tx/6.2.3/spring-tx-6.2.3.jar:/home/joao/.m2/repository/org/springframework/spring-beans/6.2.3/spring-beans-6.2.3.jar:/home/joao/.m2/repository/org/slf4j/slf4j-api/2.0.16/slf4j-api-2.0.16.jar:/home/joao/.m2/repository/org/springframework/spring-aspects/6.2.3/spring-aspects-6.2.3.jar:/home/joao/.m2/repository/org/aspectj/aspectjweaver/1.9.22.1/aspectjweaver-1.9.22.1.jar:/home/joao/.m2/repository/org/springframework/boot/spring-boot-starter-security/3.4.3/spring-boot-starter-security-3.4.3.jar:/home/joao/.m2/repository/org/springframework/spring-aop/6.2.3/spring-aop-6.2.3.jar:/home/joao/.m2/repository/org/springframework/security/spring-security-config/6.4.3/spring-security-config-6.4.3.jar:/home/joao/.m2/repository/org/springframework/security/spring-security-web/6.4.3/spring-security-web-6.4.3.jar:/home/joao/.m2/repository/org/springframework/spring-expression/6.2.3/spring-expression-6.2.3.jar:/home/joao/.m2/repository/io/jsonwebtoken/jjwt-api/0.11.5/jjwt-api-0.11.5.jar:/home/joao/.m2/repository/io/jsonwebtoken/jjwt-impl/0.11.5/jjwt-impl-0.11.5.jar:/home/joao/.m2/repository/io/jsonwebtoken/jjwt-jackson/0.11.5/jjwt-jackson-0.11.5.jar:/home/joao/.m2/repository/com/fasterxml/jackson/core/jackson-databind/2.18.2/jackson-databind-2.18.2.jar:/home/joao/.m2/repository/com/fasterxml/jackson/core/jackson-annotations/2.18.2/jackson-annotations-2.18.2.jar:/home/joao/.m2/repository/com/fasterxml/jackson/core/jackson-core/2.18.2/jackson-core-2.18.2.jar:/home/joao/.m2/repository/org/springframework/boot/spring-boot-starter-validation/3.4.3/spring-boot-starter-validation-3.4.3.jar:/home/joao/.m2/repository/org/apache/tomcat/embed/tomcat-embed-el/10.1.36/tomcat-embed-el-10.1.36.jar:/home/joao/.m2/repository/org/hibernate/validator/hibernate-validator/8.0.2.Final/hibernate-validator-8.0.2.Final.jar:/home/joao/.m2/repository/jakarta/validation/jakarta.validation-api/3.0.2/jakarta.validation-api-3.0.2.jar:/home/joao/.m2/repository/org/springframework/boot/spring-boot-starter-web/3.4.3/spring-boot-starter-web-3.4.3.jar:/home/joao/.m2/repository/org/springframework/boot/spring-boot-starter-json/3.4.3/spring-boot-starter-json-3.4.3.jar:/home/joao/.m2/repository/com/fasterxml/jackson/datatype/jackson-datatype-jdk8/2.18.2/jackson-datatype-jdk8-2.18.2.jar:/home/joao/.m2/repository/com/fasterxml/jackson/datatype/jackson-datatype-jsr310/2.18.2/jackson-datatype-jsr310-2.18.2.jar:/home/joao/.m2/repository/com/fasterxml/jackson/module/jackson-module-parameter-names/2.18.2/jackson-module-parameter-names-2.18.2.jar:/home/joao/.m2/repository/org/springframework/boot/spring-boot-starter-tomcat/3.4.3/spring-boot-starter-tomcat-3.4.3.jar:/home/joao/.m2/repository/org/apache/tomcat/embed/tomcat-embed-core/10.1.36/tomcat-embed-core-10.1.36.jar:/home/joao/.m2/repository/org/apache/tomcat/embed/tomcat-embed-websocket/10.1.36/tomcat-embed-websocket-10.1.36.jar:/home/joao/.m2/repository/org/springframework/spring-web/6.2.3/spring-web-6.2.3.jar:/home/joao/.m2/repository/io/micrometer/micrometer-observation/1.14.4/micrometer-observation-1.14.4.jar:/home/joao/.m2/repository/io/micrometer/micrometer-commons/1.14.4/micrometer-commons-1.14.4.jar:/home/joao/.m2/repository/org/springframework/spring-webmvc/6.2.3/spring-webmvc-6.2.3.jar:/home/joao/.m2/repository/org/springdoc/springdoc-openapi-starter-webmvc-ui/2.8.4/springdoc-openapi-starter-webmvc-ui-2.8.4.jar:/home/joao/.m2/repository/org/springdoc/springdoc-openapi-starter-webmvc-api/2.8.4/springdoc-openapi-starter-webmvc-api-2.8.4.jar:/home/joao/.m2/repository/org/springdoc/springdoc-openapi-starter-common/2.8.4/springdoc-openapi-starter-common-2.8.4.jar:/home/joao/.m2/repository/io/swagger/core/v3/swagger-core-jakarta/2.2.28/swagger-core-jakarta-2.2.28.jar:/home/joao/.m2/repository/org/apache/commons/commons-lang3/3.17.0/commons-lang3-3.17.0.jar:/home/joao/.m2/repository/io/swagger/core/v3/swagger-annotations-jakarta/2.2.28/swagger-annotations-jakarta-2.2.28.jar:/home/joao/.m2/repository/io/swagger/core/v3/swagger-models-jakarta/2.2.28/swagger-models-jakarta-2.2.28.jar:/home/joao/.m2/repository/com/fasterxml/jackson/dataformat/jackson-dataformat-yaml/2.18.2/jackson-dataformat-yaml-2.18.2.jar:/home/joao/.m2/repository/org/webjars/swagger-ui/5.18.2/swagger-ui-5.18.2.jar:/home/joao/.m2/repository/org/webjars/webjars-locator-lite/1.0.1/webjars-locator-lite-1.0.1.jar:/home/joao/.m2/repository/org/jspecify/jspecify/1.0.0/jspecify-1.0.0.jar:/home/joao/.m2/repository/org/springframework/boot/spring-boot-devtools/3.4.3/spring-boot-devtools-3.4.3.jar:/home/joao/.m2/repository/org/springframework/boot/spring-boot/3.4.3/spring-boot-3.4.3.jar:/home/joao/.m2/repository/org/springframework/boot/spring-boot-autoconfigure/3.4.3/spring-boot-autoconfigure-3.4.3.jar:/home/joao/.m2/repository/org/postgresql/postgresql/42.7.5/postgresql-42.7.5.jar:/home/joao/.m2/repository/org/checkerframework/checker-qual/3.48.3/checker-qual-3.48.3.jar:/home/joao/.m2/repository/org/projectlombok/lombok/1.18.36/lombok-1.18.36.jar:/home/joao/.m2/repository/org/springframework/boot/spring-boot-starter-test/3.4.3/spring-boot-starter-test-3.4.3.jar:/home/joao/.m2/repository/org/springframework/boot/spring-boot-test/3.4.3/spring-boot-test-3.4.3.jar:/home/joao/.m2/repository/org/springframework/boot/spring-boot-test-autoconfigure/3.4.3/spring-boot-test-autoconfigure-3.4.3.jar:/home/joao/.m2/repository/com/jayway/jsonpath/json-path/2.9.0/json-path-2.9.0.jar:/home/joao/.m2/repository/jakarta/xml/bind/jakarta.xml.bind-api/4.0.2/jakarta.xml.bind-api-4.0.2.jar:/home/joao/.m2/repository/jakarta/activation/jakarta.activation-api/2.1.3/jakarta.activation-api-2.1.3.jar:/home/joao/.m2/repository/net/minidev/json-smart/2.5.2/json-smart-2.5.2.jar:/home/joao/.m2/repository/net/minidev/accessors-smart/2.5.2/accessors-smart-2.5.2.jar:/home/joao/.m2/repository/org/ow2/asm/asm/9.7.1/asm-9.7.1.jar:/home/joao/.m2/repository/org/assertj/assertj-core/3.26.3/assertj-core-3.26.3.jar:/home/joao/.m2/repository/org/awaitility/awaitility/4.2.2/awaitility-4.2.2.jar:/home/joao/.m2/repository/org/hamcrest/hamcrest/2.2/hamcrest-2.2.jar:/home/joao/.m2/repository/org/junit/jupiter/junit-jupiter/5.11.4/junit-jupiter-5.11.4.jar:/home/joao/.m2/repository/org/junit/jupiter/junit-jupiter-api/5.11.4/junit-jupiter-api-5.11.4.jar:/home/joao/.m2/repository/org/opentest4j/opentest4j/1.3.0/opentest4j-1.3.0.jar:/home/joao/.m2/repository/org/junit/platform/junit-platform-commons/1.11.4/junit-platform-commons-1.11.4.jar:/home/joao/.m2/repository/org/apiguardian/apiguardian-api/1.1.2/apiguardian-api-1.1.2.jar:/home/joao/.m2/repository/org/junit/jupiter/junit-jupiter-params/5.11.4/junit-jupiter-params-5.11.4.jar:/home/joao/.m2/repository/org/junit/jupiter/junit-jupiter-engine/5.11.4/junit-jupiter-engine-5.11.4.jar:/home/joao/.m2/repository/org/junit/platform/junit-platform-engine/1.11.4/junit-platform-engine-1.11.4.jar:/home/joao/.m2/repository/org/mockito/mockito-core/5.14.2/mockito-core-5.14.2.jar:/home/joao/.m2/repository/net/bytebuddy/byte-buddy-agent/1.15.11/byte-buddy-agent-1.15.11.jar:/home/joao/.m2/repository/org/objenesis/objenesis/3.3/objenesis-3.3.jar:/home/joao/.m2/repository/org/mockito/mockito-junit-jupiter/5.14.2/mockito-junit-jupiter-5.14.2.jar:/home/joao/.m2/repository/org/skyscreamer/jsonassert/1.5.3/jsonassert-1.5.3.jar:/home/joao/.m2/repository/com/vaadin/external/google/android-json/0.0.20131108.vaadin1/android-json-0.0.20131108.vaadin1.jar:/home/joao/.m2/repository/org/springframework/spring-core/6.2.3/spring-core-6.2.3.jar:/home/joao/.m2/repository/org/springframework/spring-jcl/6.2.3/spring-jcl-6.2.3.jar:/home/joao/.m2/repository/org/springframework/spring-test/6.2.3/spring-test-6.2.3.jar:/home/joao/.m2/repository/org/xmlunit/xmlunit-core/2.10.0/xmlunit-core-2.10.0.jar:/home/joao/.m2/repository/org/springframework/boot/spring-boot-testcontainers/3.4.3/spring-boot-testcontainers-3.4.3.jar:/home/joao/.m2/repository/org/testcontainers/testcontainers/1.20.5/testcontainers-1.20.5.jar:/home/joao/.m2/repository/junit/junit/4.13.2/junit-4.13.2.jar:/home/joao/.m2/repository/org/hamcrest/hamcrest-core/2.2/hamcrest-core-2.2.jar:/home/joao/.m2/repository/org/apache/commons/commons-compress/1.24.0/commons-compress-1.24.0.jar:/home/joao/.m2/repository/org/rnorth/duct-tape/duct-tape/1.0.8/duct-tape-1.0.8.jar:/home/joao/.m2/repository/org/jetbrains/annotations/17.0.0/annotations-17.0.0.jar:/home/joao/.m2/repository/com/github/docker-java/docker-java-api/3.4.1/docker-java-api-3.4.1.jar:/home/joao/.m2/repository/com/github/docker-java/docker-java-transport-zerodep/3.4.1/docker-java-transport-zerodep-3.4.1.jar:/home/joao/.m2/repository/com/github/docker-java/docker-java-transport/3.4.1/docker-java-transport-3.4.1.jar:/home/joao/.m2/repository/net/java/dev/jna/jna/5.13.0/jna-5.13.0.jar:/home/joao/.m2/repository/org/springframework/security/spring-security-test/6.4.3/spring-security-test-6.4.3.jar:/home/joao/.m2/repository/org/springframework/security/spring-security-core/6.4.3/spring-security-core-6.4.3.jar:/home/joao/.m2/repository/org/springframework/security/spring-security-crypto/6.4.3/spring-security-crypto-6.4.3.jar:/home/joao/.m2/repository/org/testcontainers/junit-jupiter/1.20.5/junit-jupiter-1.20.5.jar:/home/joao/.m2/repository/org/testcontainers/postgresql/1.20.5/postgresql-1.20.5.jar:/home/joao/.m2/repository/org/testcontainers/jdbc/1.20.5/jdbc-1.20.5.jar:/home/joao/.m2/repository/org/testcontainers/database-commons/1.20.5/database-commons-1.20.5.jar:"/>
    <property name="java.vm.vendor" value="Ubuntu"/>
    <property name="sun.arch.data.model" value="64"/>
    <property name="java.vendor.url" value="https://ubuntu.com/"/>
    <property name="user.timezone" value="America/Recife"/>
    <property name="org.jboss.logging.provider" value="slf4j"/>
    <property name="os.name" value="Linux"/>
    <property name="java.vm.specification.version" value="17"/>
    <property name="APPLICATION_NAME" value="spring-app"/>
    <property name="sun.java.launcher" value="SUN_STANDARD"/>
    <property name="user.country" value="BR"/>
    <property name="sun.boot.library.path" value="/usr/lib/jvm/java-17-openjdk-amd64/lib"/>
    <property name="sun.java.command" value="/home/joao/Área de trabalho/Desafio-mapa-de-assentos/spring-app/target/surefire/surefirebooter-20250224125109521_3.jar /home/joao/Área de trabalho/Desafio-mapa-de-assentos/spring-app/target/surefire 2025-02-24T12-51-09_444-jvmRun1 surefire-20250224125109521_1tmp surefire_0-20250224125109521_2tmp"/>
    <property name="jdk.debug" value="release"/>
    <property name="surefire.test.class.path" value="/home/joao/Área de trabalho/Desafio-mapa-de-assentos/spring-app/target/test-classes:/home/joao/Área de trabalho/Desafio-mapa-de-assentos/spring-app/target/classes:/home/joao/.m2/repository/org/springframework/boot/spring-boot-starter-data-jpa/3.4.3/spring-boot-starter-data-jpa-3.4.3.jar:/home/joao/.m2/repository/org/springframework/boot/spring-boot-starter/3.4.3/spring-boot-starter-3.4.3.jar:/home/joao/.m2/repository/org/springframework/boot/spring-boot-starter-logging/3.4.3/spring-boot-starter-logging-3.4.3.jar:/home/joao/.m2/repository/ch/qos/logback/logback-classic/1.5.16/logback-classic-1.5.16.jar:/home/joao/.m2/repository/ch/qos/logback/logback-core/1.5.16/logback-core-1.5.16.jar:/home/joao/.m2/repository/org/apache/logging/log4j/log4j-to-slf4j/2.24.3/log4j-to-slf4j-2.24.3.jar:/home/joao/.m2/repository/org/apache/logging/log4j/log4j-api/2.24.3/log4j-api-2.24.3.jar:/home/joao/.m2/repository/org/slf4j/jul-to-slf4j/2.0.16/jul-to-slf4j-2.0.16.jar:/home/joao/.m2/repository/jakarta/annotation/jakarta.annotation-api/2.1.1/jakarta.annotation-api-2.1.1.jar:/home/joao/.m2/repository/org/yaml/snakeyaml/2.3/snakeyaml-2.3.jar:/home/joao/.m2/repository/org/springframework/boot/spring-boot-starter-jdbc/3.4.3/spring-boot-starter-jdbc-3.4.3.jar:/home/joao/.m2/repository/com/zaxxer/HikariCP/5.1.0/HikariCP-5.1.0.jar:/home/joao/.m2/repository/org/springframework/spring-jdbc/6.2.3/spring-jdbc-6.2.3.jar:/home/joao/.m2/repository/org/hibernate/orm/hibernate-core/6.6.8.Final/hibernate-core-6.6.8.Final.jar:/home/joao/.m2/repository/jakarta/persistence/jakarta.persistence-api/3.1.0/jakarta.persistence-api-3.1.0.jar:/home/joao/.m2/repository/jakarta/transaction/jakarta.transaction-api/2.0.1/jakarta.transaction-api-2.0.1.jar:/home/joao/.m2/repository/org/jboss/logging/jboss-logging/3.6.1.Final/jboss-logging-3.6.1.Final.jar:/home/joao/.m2/repository/org/hibernate/common/hibernate-commons-annotations/7.0.3.Final/hibernate-commons-annotations-7.0.3.Final.jar:/home/joao/.m2/repository/io/smallrye/jandex/3.2.0/jandex-3.2.0.jar:/home/joao/.m2/repository/com/fasterxml/classmate/1.7.0/classmate-1.7.0.jar:/home/joao/.m2/repository/net/bytebuddy/byte-buddy/1.15.11/byte-buddy-1.15.11.jar:/home/joao/.m2/repository/org/glassfish/jaxb/jaxb-runtime/4.0.5/jaxb-runtime-4.0.5.jar:/home/joao/.m2/repository/org/glassfish/jaxb/jaxb-core/4.0.5/jaxb-core-4.0.5.jar:/home/joao/.m2/repository/org/eclipse/angus/angus-activation/2.0.2/angus-activation-2.0.2.jar:/home/joao/.m2/repository/org/glassfish/jaxb/txw2/4.0.5/txw2-4.0.5.jar:/home/joao/.m2/repository/com/sun/istack/istack-commons-runtime/4.1.2/istack-commons-runtime-4.1.2.jar:/home/joao/.m2/repository/jakarta/inject/jakarta.inject-api/2.0.1/jakarta.inject-api-2.0.1.jar:/home/joao/.m2/repository/org/antlr/antlr4-runtime/4.13.0/antlr4-runtime-4.13.0.jar:/home/joao/.m2/repository/org/springframework/data/spring-data-jpa/3.4.3/spring-data-jpa-3.4.3.jar:/home/joao/.m2/repository/org/springframework/data/spring-data-commons/3.4.3/spring-data-commons-3.4.3.jar:/home/joao/.m2/repository/org/springframework/spring-orm/6.2.3/spring-orm-6.2.3.jar:/home/joao/.m2/repository/org/springframework/spring-context/6.2.3/spring-context-6.2.3.jar:/home/joao/.m2/repository/org/springframework/spring-tx/6.2.3/spring-tx-6.2.3.jar:/home/joao/.m2/repository/org/springframework/spring-beans/6.2.3/spring-beans-6.2.3.jar:/home/joao/.m2/repository/org/slf4j/slf4j-api/2.0.16/slf4j-api-2.0.16.jar:/home/joao/.m2/repository/org/springframework/spring-aspects/6.2.3/spring-aspects-6.2.3.jar:/home/joao/.m2/repository/org/aspectj/aspectjweaver/1.9.22.1/aspectjweaver-1.9.22.1.jar:/home/joao/.m2/repository/org/springframework/boot/spring-boot-starter-security/3.4.3/spring-boot-starter-security-3.4.3.jar:/home/joao/.m2/repository/org/springframework/spring-aop/6.2.3/spring-aop-6.2.3.jar:/home/joao/.m2/repository/org/springframework/security/spring-security-config/6.4.3/spring-security-config-6.4.3.jar:/home/joao/.m2/repository/org/springframework/security/spring-security-web/6.4.3/spring-security-web-6.4.3.jar:/home/joao/.m2/repository/org/springframework/spring-expression/6.2.3/spring-expression-6.2.3.jar:/home/joao/.m2/repository/io/jsonwebtoken/jjwt-api/0.11.5/jjwt-api-0.11.5.jar:/home/joao/.m2/repository/io/jsonwebtoken/jjwt-impl/0.11.5/jjwt-impl-0.11.5.jar:/home/joao/.m2/repository/io/jsonwebtoken/jjwt-jackson/0.11.5/jjwt-jackson-0.11.5.jar:/home/joao/.m2/repository/com/fasterxml/jackson/core/jackson-databind/2.18.2/jackson-databind-2.18.2.jar:/home/joao/.m2/repository/com/fasterxml/jackson/core/jackson-annotations/2.18.2/jackson-annotations-2.18.2.jar:/home/joao/.m2/repository/com/fasterxml/jackson/core/jackson-core/2.18.2/jackson-core-2.18.2.jar:/home/joao/.m2/repository/org/springframework/boot/spring-boot-starter-validation/3.4.3/spring-boot-starter-validation-3.4.3.jar:/home/joao/.m2/repository/org/apache/tomcat/embed/tomcat-embed-el/10.1.36/tomcat-embed-el-10.1.36.jar:/home/joao/.m2/repository/org/hibernate/validator/hibernate-validator/8.0.2.Final/hibernate-validator-8.0.2.Final.jar:/home/joao/.m2/repository/jakarta/validation/jakarta.validation-api/3.0.2/jakarta.validation-api-3.0.2.jar:/home/joao/.m2/repository/org/springframework/boot/spring-boot-starter-web/3.4.3/spring-boot-starter-web-3.4.3.jar:/home/joao/.m2/repository/org/springframework/boot/spring-boot-starter-json/3.4.3/spring-boot-starter-json-3.4.3.jar:/home/joao/.m2/repository/com/fasterxml/jackson/datatype/jackson-datatype-jdk8/2.18.2/jackson-datatype-jdk8-2.18.2.jar:/home/joao/.m2/repository/com/fasterxml/jackson/datatype/jackson-datatype-jsr310/2.18.2/jackson-datatype-jsr310-2.18.2.jar:/home/joao/.m2/repository/com/fasterxml/jackson/module/jackson-module-parameter-names/2.18.2/jackson-module-parameter-names-2.18.2.jar:/home/joao/.m2/repository/org/springframework/boot/spring-boot-starter-tomcat/3.4.3/spring-boot-starter-tomcat-3.4.3.jar:/home/joao/.m2/repository/org/apache/tomcat/embed/tomcat-embed-core/10.1.36/tomcat-embed-core-10.1.36.jar:/home/joao/.m2/repository/org/apache/tomcat/embed/tomcat-embed-websocket/10.1.36/tomcat-embed-websocket-10.1.36.jar:/home/joao/.m2/repository/org/springframework/spring-web/6.2.3/spring-web-6.2.3.jar:/home/joao/.m2/repository/io/micrometer/micrometer-observation/1.14.4/micrometer-observation-1.14.4.jar:/home/joao/.m2/repository/io/micrometer/micrometer-commons/1.14.4/micrometer-commons-1.14.4.jar:/home/joao/.m2/repository/org/springframework/spring-webmvc/6.2.3/spring-webmvc-6.2.3.jar:/home/joao/.m2/repository/org/springdoc/springdoc-openapi-starter-webmvc-ui/2.8.4/springdoc-openapi-starter-webmvc-ui-2.8.4.jar:/home/joao/.m2/repository/org/springdoc/springdoc-openapi-starter-webmvc-api/2.8.4/springdoc-openapi-starter-webmvc-api-2.8.4.jar:/home/joao/.m2/repository/org/springdoc/springdoc-openapi-starter-common/2.8.4/springdoc-openapi-starter-common-2.8.4.jar:/home/joao/.m2/repository/io/swagger/core/v3/swagger-core-jakarta/2.2.28/swagger-core-jakarta-2.2.28.jar:/home/joao/.m2/repository/org/apache/commons/commons-lang3/3.17.0/commons-lang3-3.17.0.jar:/home/joao/.m2/repository/io/swagger/core/v3/swagger-annotations-jakarta/2.2.28/swagger-annotations-jakarta-2.2.28.jar:/home/joao/.m2/repository/io/swagger/core/v3/swagger-models-jakarta/2.2.28/swagger-models-jakarta-2.2.28.jar:/home/joao/.m2/repository/com/fasterxml/jackson/dataformat/jackson-dataformat-yaml/2.18.2/jackson-dataformat-yaml-2.18.2.jar:/home/joao/.m2/repository/org/webjars/swagger-ui/5.18.2/swagger-ui-5.18.2.jar:/home/joao/.m2/repository/org/webjars/webjars-locator-lite/1.0.1/webjars-locator-lite-1.0.1.jar:/home/joao/.m2/repository/org/jspecify/jspecify/1.0.0/jspecify-1.0.0.jar:/home/joao/.m2/repository/org/springframework/boot/spring-boot-devtools/3.4.3/spring-boot-devtools-3.4.3.jar:/home/joao/.m2/repository/org/springframework/boot/spring-boot/3.4.3/spring-boot-3.4.3.jar:/home/joao/.m2/repository/org/springframework/boot/spring-boot-autoconfigure/3.4.3/spring-boot-autoconfigure-3.4.3.jar:/home/joao/.m2/repository/org/postgresql/postgresql/42.7.5/postgresql-42.7.5.jar:/home/joao/.m2/repository/org/checkerframework/checker-qual/3.48.3/checker-qual-3.48.3.jar:/home/joao/.m2/repository/org/projectlombok/lombok/1.18.36/lombok-1.18.36.jar:/home/joao/.m2/repository/org/springframework/boot/spring-boot-starter-test/3.4.3/spring-boot-starter-test-3.4.3.jar:/home/joao/.m2/repository/org/springframework/boot/spring-boot-test/3.4.3/spring-boot-test-3.4.3.jar:/home/joao/.m2/repository/org/springframework/boot/spring-boot-test-autoconfigure/3.4.3/spring-boot-test-autoconfigure-3.4.3.jar:/home/joao/.m2/repository/com/jayway/jsonpath/json-path/2.9.0/json-path-2.9.0.jar:/home/joao/.m2/repository/jakarta/xml/bind/jakarta.xml.bind-api/4.0.2/jakarta.xml.bind-api-4.0.2.jar:/home/joao/.m2/repository/jakarta/activation/jakarta.activation-api/2.1.3/jakarta.activation-api-2.1.3.jar:/home/joao/.m2/repository/net/minidev/json-smart/2.5.2/json-smart-2.5.2.jar:/home/joao/.m2/repository/net/minidev/accessors-smart/2.5.2/accessors-smart-2.5.2.jar:/home/joao/.m2/repository/org/ow2/asm/asm/9.7.1/asm-9.7.1.jar:/home/joao/.m2/repository/org/assertj/assertj-core/3.26.3/assertj-core-3.26.3.jar:/home/joao/.m2/repository/org/awaitility/awaitility/4.2.2/awaitility-4.2.2.jar:/home/joao/.m2/repository/org/hamcrest/hamcrest/2.2/hamcrest-2.2.jar:/home/joao/.m2/repository/org/junit/jupiter/junit-jupiter/5.11.4/junit-jupiter-5.11.4.jar:/home/joao/.m2/repository/org/junit/jupiter/junit-jupiter-api/5.11.4/junit-jupiter-api-5.11.4.jar:/home/joao/.m2/repository/org/opentest4j/opentest4j/1.3.0/opentest4j-1.3.0.jar:/home/joao/.m2/repository/org/junit/platform/junit-platform-commons/1.11.4/junit-platform-commons-1.11.4.jar:/home/joao/.m2/repository/org/apiguardian/apiguardian-api/1.1.2/apiguardian-api-1.1.2.jar:/home/joao/.m2/repository/org/junit/jupiter/junit-jupiter-params/5.11.4/junit-jupiter-params-5.11.4.jar:/home/joao/.m2/repository/org/junit/jupiter/junit-jupiter-engine/5.11.4/junit-jupiter-engine-5.11.4.jar:/home/joao/.m2/repository/org/junit/platform/junit-platform-engine/1.11.4/junit-platform-engine-1.11.4.jar:/home/joao/.m2/repository/org/mockito/mockito-core/5.14.2/mockito-core-5.14.2.jar:/home/joao/.m2/repository/net/bytebuddy/byte-buddy-agent/1.15.11/byte-buddy-agent-1.15.11.jar:/home/joao/.m2/repository/org/objenesis/objenesis/3.3/objenesis-3.3.jar:/home/joao/.m2/repository/org/mockito/mockito-junit-jupiter/5.14.2/mockito-junit-jupiter-5.14.2.jar:/home/joao/.m2/repository/org/skyscreamer/jsonassert/1.5.3/jsonassert-1.5.3.jar:/home/joao/.m2/repository/com/vaadin/external/google/android-json/0.0.20131108.vaadin1/android-json-0.0.20131108.vaadin1.jar:/home/joao/.m2/repository/org/springframework/spring-core/6.2.3/spring-core-6.2.3.jar:/home/joao/.m2/repository/org/springframework/spring-jcl/6.2.3/spring-jcl-6.2.3.jar:/home/joao/.m2/repository/org/springframework/spring-test/6.2.3/spring-test-6.2.3.jar:/home/joao/.m2/repository/org/xmlunit/xmlunit-core/2.10.0/xmlunit-core-2.10.0.jar:/home/joao/.m2/repository/org/springframework/boot/spring-boot-testcontainers/3.4.3/spring-boot-testcontainers-3.4.3.jar:/home/joao/.m2/repository/org/testcontainers/testcontainers/1.20.5/testcontainers-1.20.5.jar:/home/joao/.m2/repository/junit/junit/4.13.2/junit-4.13.2.jar:/home/joao/.m2/repository/org/hamcrest/hamcrest-core/2.2/hamcrest-core-2.2.jar:/home/joao/.m2/repository/org/apache/commons/commons-compress/1.24.0/commons-compress-1.24.0.jar:/home/joao/.m2/repository/org/rnorth/duct-tape/duct-tape/1.0.8/duct-tape-1.0.8.jar:/home/joao/.m2/repository/org/jetbrains/annotations/17.0.0/annotations-17.0.0.jar:/home/joao/.m2/repository/com/github/docker-java/docker-java-api/3.4.1/docker-java-api-3.4.1.jar:/home/joao/.m2/repository/com/github/docker-java/docker-java-transport-zerodep/3.4.1/docker-java-transport-zerodep-3.4.1.jar:/home/joao/.m2/repository/com/github/docker-java/docker-java-transport/3.4.1/docker-java-transport-3.4.1.jar:/home/joao/.m2/repository/net/java/dev/jna/jna/5.13.0/jna-5.13.0.jar:/home/joao/.m2/repository/org/springframework/security/spring-security-test/6.4.3/spring-security-test-6.4.3.jar:/home/joao/.m2/repository/org/springframework/security/spring-security-core/6.4.3/spring-security-core-6.4.3.jar:/home/joao/.m2/repository/org/springframework/security/spring-security-crypto/6.4.3/spring-security-crypto-6.4.3.jar:/home/joao/.m2/repository/org/testcontainers/junit-jupiter/1.20.5/junit-jupiter-1.20.5.jar:/home/joao/.m2/repository/org/testcontainers/postgresql/1.20.5/postgresql-1.20.5.jar:/home/joao/.m2/repository/org/testcontainers/jdbc/1.20.5/jdbc-1.20.5.jar:/home/joao/.m2/repository/org/testcontainers/database-commons/1.20.5/database-commons-1.20.5.jar:"/>
    <property name="sun.cpu.endian" value="little"/>
    <property name="user.home" value="/home/joao"/>
    <property name="user.language" value="pt"/>
    <property name="java.specification.vendor" value="Oracle Corporation"/>
    <property name="java.version.date" value="2025-01-21"/>
    <property name="java.home" value="/usr/lib/jvm/java-17-openjdk-amd64"/>
    <property name="file.separator" value="/"/>
    <property name="basedir" value="/home/joao/Área de trabalho/Desafio-mapa-de-assentos/spring-app"/>
    <property name="java.vm.compressedOopsMode" value="Zero based"/>
    <property name="line.separator" value="&#10;"/>
    <property name="java.specification.name" value="Java Platform API Specification"/>
    <property name="java.vm.specification.vendor" value="Oracle Corporation"/>
    <property name="FILE_LOG_CHARSET" value="UTF-8"/>
    <property name="java.awt.headless" value="true"/>
    <property name="surefire.real.class.path" value="/home/joao/Área de trabalho/Desafio-mapa-de-assentos/spring-app/target/surefire/surefirebooter-20250224125109521_3.jar"/>
    <property name="sun.management.compiler" value="HotSpot 64-Bit Tiered Compilers"/>
    <property name="java.runtime.version" value="17.0.14+7-Ubuntu-124.04"/>
    <property name="user.name" value="joao"/>
    <property name="path.separator" value=":"/>
    <property name="os.version" value="6.8.0-53-generic"/>
    <property name="java.runtime.name" value="OpenJDK Runtime Environment"/>
    <property name="file.encoding" value="UTF-8"/>
    <property name="java.vm.name" value="OpenJDK 64-Bit Server VM"/>
    <property name="localRepository" value="/home/joao/.m2/repository"/>
    <property name="java.vendor.url.bug" value="https://bugs.launchpad.net/ubuntu/+source/openjdk-17"/>
    <property name="java.io.tmpdir" value="/tmp"/>
    <property name="com.zaxxer.hikari.pool_number" value="1"/>
    <property name="java.version" value="17.0.14"/>
    <property name="user.dir" value="/home/joao/Área de trabalho/Desafio-mapa-de-assentos/spring-app"/>
    <property name="os.arch" value="amd64"/>
    <property name="java.vm.specification.name" value="Java Virtual Machine Specification"/>
    <property name="PID" value="24461"/>
    <property name="CONSOLE_LOG_CHARSET" value="UTF-8"/>
    <property name="native.encoding" value="UTF-8"/>
    <property name="java.library.path" value="/usr/java/packages/lib:/usr/lib/x86_64-linux-gnu/jni:/lib/x86_64-linux-gnu:/usr/lib/x86_64-linux-gnu:/usr/lib/jni:/lib:/usr/lib"/>
    <property name="java.vm.info" value="mixed mode, sharing"/>
    <property name="java.vendor" value="Ubuntu"/>
    <property name="java.vm.version" value="17.0.14+7-Ubuntu-124.04"/>
    <property name="java.specification.maintenance.version" value="1"/>
    <property name="sun.io.unicode.encoding" value="UnicodeLittle"/>
    <property name="java.class.version" value="61.0"/>
    <property name="LOGGED_APPLICATION_NAME" value="[spring-app] "/>
  </properties>
  <testcase name="shouldCreateBookingSuccessfully" classname="com.fibbo.spring_app.controller.BookingControllerTest" time="0.704">
    <system-out><![CDATA[12:51:10.274 [main] INFO org.springframework.test.context.support.AnnotationConfigContextLoaderUtils -- Could not detect default configuration classes for test class [com.fibbo.spring_app.controller.BookingControllerTest]: BookingControllerTest does not declare any static, non-private, non-final, nested classes annotated with @Configuration.
12:51:10.435 [main] INFO org.springframework.boot.test.context.SpringBootTestContextBootstrapper -- Found @SpringBootConfiguration com.fibbo.spring_app.SpringAppApplication for test class com.fibbo.spring_app.controller.BookingControllerTest
12:51:10.530 [main] INFO org.testcontainers.images.PullPolicy -- Image pull policy will be performed by: DefaultPullPolicy()
12:51:10.533 [main] INFO org.testcontainers.utility.ImageNameSubstitutor -- Image name substitution will be performed by: DefaultImageNameSubstitutor (composite of 'ConfigurationFileImageNameSubstitutor' and 'PrefixingImageNameSubstitutor')
12:51:10.549 [main] INFO org.testcontainers.DockerClientFactory -- Testcontainers version: 1.20.5
12:51:10.670 [main] INFO org.testcontainers.dockerclient.DockerClientProviderStrategy -- Loaded org.testcontainers.dockerclient.UnixSocketClientProviderStrategy from ~/.testcontainers.properties, will try it first
12:51:10.859 [main] INFO org.testcontainers.dockerclient.DockerClientProviderStrategy -- Found Docker environment with local Unix socket (unix:///var/run/docker.sock)
12:51:10.860 [main] INFO org.testcontainers.DockerClientFactory -- Docker host IP address is localhost
12:51:10.873 [main] INFO org.testcontainers.DockerClientFactory -- Connected to docker: 
  Server Version: 27.5.1
  API Version: 1.47
  Operating System: Linux Mint 22.1
  Total Memory: 15696 MB
12:51:10.894 [main] INFO tc.testcontainers/ryuk:0.11.0 -- Pulling docker image: testcontainers/ryuk:0.11.0. Please be patient; this may take some time but only needs to be done once.
12:51:10.897 [main] INFO org.testcontainers.utility.RegistryAuthLocator -- Failure when attempting to lookup auth config. Please ignore if you don't have images in an authenticated registry. Details: (dockerImageName: testcontainers/ryuk:latest, configFile: /home/joao/.docker/config.json, configEnv: DOCKER_AUTH_CONFIG). Falling back to docker-java default behaviour. Exception message: Status 404: No config supplied. Checked in order: /home/joao/.docker/config.json (file not found), DOCKER_AUTH_CONFIG (not set)
12:51:12.555 [docker-java-stream--1327023394] INFO tc.testcontainers/ryuk:0.11.0 -- Starting to pull image
12:51:12.573 [docker-java-stream--1327023394] INFO tc.testcontainers/ryuk:0.11.0 -- Pulling image layers:  0 pending,  0 downloaded,  0 extracted, (0 bytes/0 bytes)
12:51:13.887 [docker-java-stream--1327023394] INFO tc.testcontainers/ryuk:0.11.0 -- Pulling image layers:  2 pending,  1 downloaded,  0 extracted, (1 MB/? MB)
12:51:14.315 [docker-java-stream--1327023394] INFO tc.testcontainers/ryuk:0.11.0 -- Pulling image layers:  1 pending,  2 downloaded,  0 extracted, (4 MB/? MB)
12:51:14.383 [docker-java-stream--1327023394] INFO tc.testcontainers/ryuk:0.11.0 -- Pulling image layers:  1 pending,  2 downloaded,  1 extracted, (4 MB/? MB)
12:51:14.422 [docker-java-stream--1327023394] INFO tc.testcontainers/ryuk:0.11.0 -- Pulling image layers:  1 pending,  2 downloaded,  2 extracted, (4 MB/? MB)
12:51:15.743 [docker-java-stream--1327023394] INFO tc.testcontainers/ryuk:0.11.0 -- Pulling image layers:  0 pending,  3 downloaded,  2 extracted, (10 MB/10 MB)
12:51:15.775 [docker-java-stream--1327023394] INFO tc.testcontainers/ryuk:0.11.0 -- Pulling image layers:  0 pending,  3 downloaded,  3 extracted, (10 MB/10 MB)
12:51:15.791 [docker-java-stream--1327023394] INFO tc.testcontainers/ryuk:0.11.0 -- Pull complete. 3 layers, pulled in 3s (downloaded 10 MB at 3 MB/s)
12:51:15.791 [main] INFO tc.testcontainers/ryuk:0.11.0 -- Image testcontainers/ryuk:0.11.0 pull took PT4.897252895S
12:51:15.819 [main] INFO tc.testcontainers/ryuk:0.11.0 -- Creating container for image: testcontainers/ryuk:0.11.0
12:51:15.985 [main] INFO tc.testcontainers/ryuk:0.11.0 -- Container testcontainers/ryuk:0.11.0 is starting: f8821c8d58552bf8e4d47560756c514e848e83a616da9b76505ee447ff52d6cc
12:51:16.186 [main] INFO tc.testcontainers/ryuk:0.11.0 -- Container testcontainers/ryuk:0.11.0 started in PT0.3674247S
12:51:16.190 [main] INFO org.testcontainers.utility.RyukResourceReaper -- Ryuk started - will monitor and terminate Testcontainers containers on JVM exit
12:51:16.190 [main] INFO org.testcontainers.DockerClientFactory -- Checking the system...
12:51:16.190 [main] INFO org.testcontainers.DockerClientFactory -- ✔︎ Docker server version should be at least 1.6.0
12:51:16.191 [main] INFO tc.postgres:latest -- Creating container for image: postgres:latest
12:51:16.215 [main] INFO tc.postgres:latest -- Container postgres:latest is starting: deaa91da248b0df89d2a52adbdf43db59cd0d9aff13f4b42316876e4b563f6df
12:51:17.351 [main] INFO tc.postgres:latest -- Container postgres:latest started in PT1.160060079S
12:51:17.352 [main] INFO tc.postgres:latest -- Container is started (JDBC URL: jdbc:postgresql://localhost:32769/desafio?loggerLevel=OFF)
12:51:17.418 [main] INFO org.springframework.boot.devtools.restart.RestartApplicationListener -- Restart disabled due to context in which it is running

  .   ____          _            __ _ _
 /\\ / ___'_ __ _ _(_)_ __  __ _ \ \ \ \
( ( )\___ | '_ | '_| | '_ \/ _` | \ \ \ \
 \\/  ___)| |_)| | | | | || (_| |  ) ) ) )
  '  |____| .__|_| |_|_| |_\__, | / / / /
 =========|_|==============|___/=/_/_/_/

 :: Spring Boot ::                (v3.4.3)

2025-02-24T12:51:17.674-03:00  INFO 24461 --- [spring-app] [           main] c.f.s.controller.BookingControllerTest   : Starting BookingControllerTest using Java 17.0.14 with PID 24461 (started by joao in /home/joao/Área de trabalho/Desafio-mapa-de-assentos/spring-app)
2025-02-24T12:51:17.676-03:00  INFO 24461 --- [spring-app] [           main] c.f.s.controller.BookingControllerTest   : No active profile set, falling back to 1 default profile: "default"
2025-02-24T12:51:18.253-03:00  INFO 24461 --- [spring-app] [           main] .s.d.r.c.RepositoryConfigurationDelegate : Bootstrapping Spring Data JPA repositories in DEFAULT mode.
2025-02-24T12:51:18.294-03:00  INFO 24461 --- [spring-app] [           main] .s.d.r.c.RepositoryConfigurationDelegate : Finished Spring Data repository scanning in 34 ms. Found 3 JPA repository interfaces.
2025-02-24T12:51:18.617-03:00  INFO 24461 --- [spring-app] [           main] o.hibernate.jpa.internal.util.LogHelper  : HHH000204: Processing PersistenceUnitInfo [name: default]
2025-02-24T12:51:18.643-03:00  INFO 24461 --- [spring-app] [           main] org.hibernate.Version                    : HHH000412: Hibernate ORM core version 6.6.8.Final
2025-02-24T12:51:18.663-03:00  INFO 24461 --- [spring-app] [           main] o.h.c.internal.RegionFactoryInitiator    : HHH000026: Second-level cache disabled
2025-02-24T12:51:18.832-03:00  INFO 24461 --- [spring-app] [           main] o.s.o.j.p.SpringPersistenceUnitInfo      : No LoadTimeWeaver setup: ignoring JPA class transformer
2025-02-24T12:51:18.848-03:00  INFO 24461 --- [spring-app] [           main] com.zaxxer.hikari.HikariDataSource       : HikariPool-1 - Starting...
2025-02-24T12:51:18.963-03:00  INFO 24461 --- [spring-app] [           main] com.zaxxer.hikari.pool.HikariPool        : HikariPool-1 - Added connection org.postgresql.jdbc.PgConnection@731fae
2025-02-24T12:51:18.964-03:00  INFO 24461 --- [spring-app] [           main] com.zaxxer.hikari.HikariDataSource       : HikariPool-1 - Start completed.
2025-02-24T12:51:18.989-03:00  WARN 24461 --- [spring-app] [           main] org.hibernate.orm.deprecation            : HHH90000025: PostgreSQLDialect does not need to be specified explicitly using 'hibernate.dialect' (remove the property setting and it will be selected by default)
2025-02-24T12:51:19.003-03:00  INFO 24461 --- [spring-app] [           main] org.hibernate.orm.connections.pooling    : HHH10001005: Database info:
	Database JDBC URL [Connecting through datasource 'HikariDataSource (HikariPool-1)']
	Database driver: undefined/unknown
	Database version: 17.4
	Autocommit mode: undefined/unknown
	Isolation level: undefined/unknown
	Minimum pool size: undefined/unknown
	Maximum pool size: undefined/unknown
2025-02-24T12:51:19.549-03:00  INFO 24461 --- [spring-app] [           main] o.h.e.t.j.p.i.JtaPlatformInitiator       : HHH000489: No JTA platform available (set 'hibernate.transaction.jta.platform' to enable JTA platform integration)
Hibernate: create table tb_booking (id bigint generated by default as identity, acao varchar(255) check (acao in ('ALOCACAO','REMOCAO')), data_hora timestamp(6), seat_id uuid, user_id bigint, primary key (id))
Hibernate: create table tb_seat (id uuid not null, ocupada boolean, primary key (id))
Hibernate: create table tb_users (id bigint generated by default as identity, password varchar(255), role varchar(255), username varchar(255), primary key (id))
Hibernate: alter table if exists tb_booking add constraint FKlc8dhwlesl8t1sxkvdcyl76q2 foreign key (seat_id) references tb_seat
Hibernate: alter table if exists tb_booking add constraint FK4t2eomsmy1esvawk4qljhugxm foreign key (user_id) references tb_users
2025-02-24T12:51:19.589-03:00  INFO 24461 --- [spring-app] [           main] j.LocalContainerEntityManagerFactoryBean : Initialized JPA EntityManagerFactory for persistence unit 'default'
Hibernate: select u1_0.id,u1_0.password,u1_0.role,u1_0.username from tb_users u1_0 where u1_0.username=?
Hibernate: select u1_0.id,u1_0.password,u1_0.role,u1_0.username from tb_users u1_0 where u1_0.username=?
Hibernate: insert into tb_users (password,role,username) values (?,?,?)
Hibernate: insert into tb_users (password,role,username) values (?,?,?)
Hibernate: select s1_0.id,s1_0.ocupada from tb_seat s1_0
Hibernate: insert into tb_seat (ocupada,id) values (?,?)
Hibernate: insert into tb_seat (ocupada,id) values (?,?)
Hibernate: insert into tb_seat (ocupada,id) values (?,?)
Hibernate: insert into tb_seat (ocupada,id) values (?,?)
Hibernate: insert into tb_seat (ocupada,id) values (?,?)
Hibernate: insert into tb_seat (ocupada,id) values (?,?)
Hibernate: insert into tb_seat (ocupada,id) values (?,?)
Hibernate: insert into tb_seat (ocupada,id) values (?,?)
Hibernate: insert into tb_seat (ocupada,id) values (?,?)
Hibernate: insert into tb_seat (ocupada,id) values (?,?)
Hibernate: insert into tb_seat (ocupada,id) values (?,?)
Hibernate: insert into tb_seat (ocupada,id) values (?,?)
Hibernate: insert into tb_seat (ocupada,id) values (?,?)
Hibernate: insert into tb_seat (ocupada,id) values (?,?)
Hibernate: insert into tb_seat (ocupada,id) values (?,?)
2025-02-24T12:51:20.270-03:00  WARN 24461 --- [spring-app] [           main] JpaBaseConfiguration$JpaWebConfiguration : spring.jpa.open-in-view is enabled by default. Therefore, database queries may be performed during view rendering. Explicitly configure spring.jpa.open-in-view to disable this warning
2025-02-24T12:51:20.298-03:00  WARN 24461 --- [spring-app] [           main] .s.s.UserDetailsServiceAutoConfiguration : 

Using generated security password: b7a6214a-6289-4272-9a82-28b3599243ac

This generated password is for development use only. Your security configuration must be updated before running your application in production.

2025-02-24T12:51:20.305-03:00  INFO 24461 --- [spring-app] [           main] r$InitializeUserDetailsManagerConfigurer : Global AuthenticationManager configured with UserDetailsService bean with name inMemoryUserDetailsManager
2025-02-24T12:51:20.825-03:00  INFO 24461 --- [spring-app] [           main] o.s.b.t.m.w.SpringBootMockServletContext : Initializing Spring TestDispatcherServlet ''
2025-02-24T12:51:20.826-03:00  INFO 24461 --- [spring-app] [           main] o.s.t.web.servlet.TestDispatcherServlet  : Initializing Servlet ''
2025-02-24T12:51:20.827-03:00  INFO 24461 --- [spring-app] [           main] o.s.t.web.servlet.TestDispatcherServlet  : Completed initialization in 1 ms
2025-02-24T12:51:20.850-03:00  INFO 24461 --- [spring-app] [           main] c.f.s.controller.BookingControllerTest   : Started BookingControllerTest in 3.443 seconds (process running for 11.268)
Hibernate: select u1_0.id,u1_0.password,u1_0.role,u1_0.username from tb_users u1_0 where u1_0.username=?
Hibernate: select u1_0.id,u1_0.password,u1_0.role,u1_0.username from tb_users u1_0 where u1_0.username=?
Hibernate: insert into tb_seat (ocupada,id) values (?,?)
Hibernate: select u1_0.id,u1_0.password,u1_0.role,u1_0.username from tb_users u1_0 where u1_0.username=?
Hibernate: select u1_0.id,u1_0.password,u1_0.role,u1_0.username from tb_users u1_0 where u1_0.username=?
Hibernate: select u1_0.id,u1_0.password,u1_0.role,u1_0.username from tb_users u1_0 where u1_0.username=?
Hibernate: select s1_0.id,s1_0.ocupada from tb_seat s1_0 where s1_0.id=?
Hibernate: insert into tb_booking (acao,data_hora,seat_id,user_id) values (?,?,?,?)
Hibernate: update tb_seat set ocupada=? where id=?
]]></system-out>
  </testcase>
  <testcase name="shouldUpdateBookingSuccessfully" classname="com.fibbo.spring_app.controller.BookingControllerTest" time="0.129">
    <system-out><![CDATA[Hibernate: select u1_0.id,u1_0.password,u1_0.role,u1_0.username from tb_users u1_0 where u1_0.username=?
Hibernate: select u1_0.id,u1_0.password,u1_0.role,u1_0.username from tb_users u1_0 where u1_0.username=?
Hibernate: insert into tb_seat (ocupada,id) values (?,?)
Hibernate: select u1_0.id,u1_0.password,u1_0.role,u1_0.username from tb_users u1_0 where u1_0.username=?
Hibernate: insert into tb_booking (acao,data_hora,seat_id,user_id) values (?,?,?,?)
Hibernate: select u1_0.id,u1_0.password,u1_0.role,u1_0.username from tb_users u1_0 where u1_0.username=?
Hibernate: select u1_0.id,u1_0.password,u1_0.role,u1_0.username from tb_users u1_0 where u1_0.username=?
Hibernate: select u1_0.id,u1_0.password,u1_0.role,u1_0.username from tb_users u1_0 where u1_0.username=?
Hibernate: select b1_0.id,b1_0.acao,b1_0.data_hora,s1_0.id,s1_0.ocupada,u1_0.id,u1_0.password,u1_0.role,u1_0.username from tb_booking b1_0 left join tb_seat s1_0 on s1_0.id=b1_0.seat_id left join tb_users u1_0 on u1_0.id=b1_0.user_id where b1_0.id=?
Hibernate: update tb_booking set acao=?,data_hora=?,seat_id=?,user_id=? where id=?
]]></system-out>
  </testcase>
  <testcase name="testContainerIsRunning" classname="com.fibbo.spring_app.controller.BookingControllerTest" time="0.099">
    <system-out><![CDATA[Hibernate: select u1_0.id,u1_0.password,u1_0.role,u1_0.username from tb_users u1_0 where u1_0.username=?
Hibernate: select u1_0.id,u1_0.password,u1_0.role,u1_0.username from tb_users u1_0 where u1_0.username=?
]]></system-out>
  </testcase>
</testsuite>